{"/Users/ryanoates/mcp-projects/server/src/main.ts":{"path":"/Users/ryanoates/mcp-projects/server/src/main.ts","statementMap":{"0":{"start":{"line":9,"column":0},"end":{"line":9,"column":45}},"1":{"start":{"line":11,"column":12},"end":{"line":11,"column":21}},"2":{"start":{"line":12,"column":13},"end":{"line":12,"column":37}},"3":{"start":{"line":15,"column":0},"end":{"line":15,"column":24}},"4":{"start":{"line":18,"column":0},"end":{"line":18,"column":30}},"5":{"start":{"line":19,"column":0},"end":{"line":19,"column":22}},"6":{"start":{"line":20,"column":0},"end":{"line":20,"column":21}},"7":{"start":{"line":21,"column":0},"end":{"line":21,"column":20}},"8":{"start":{"line":24,"column":0},"end":{"line":26,"column":3}},"9":{"start":{"line":25,"column":2},"end":{"line":25,"column":34}},"10":{"start":{"line":29,"column":0},"end":{"line":31,"column":3}},"11":{"start":{"line":30,"column":2},"end":{"line":30,"column":48}}},"fnMap":{"0":{"name":"(anonymous_0)","decl":{"start":{"line":24,"column":19},"end":{"line":24,"column":20}},"loc":{"start":{"line":24,"column":33},"end":{"line":26,"column":1}},"line":24},"1":{"name":"(anonymous_1)","decl":{"start":{"line":29,"column":17},"end":{"line":29,"column":18}},"loc":{"start":{"line":29,"column":23},"end":{"line":31,"column":1}},"line":29}},"branchMap":{"0":{"loc":{"start":{"line":12,"column":13},"end":{"line":12,"column":37}},"type":"binary-expr","locations":[{"start":{"line":12,"column":13},"end":{"line":12,"column":29}},{"start":{"line":12,"column":33},"end":{"line":12,"column":37}}],"line":12}},"s":{"0":0,"1":0,"2":0,"3":0,"4":0,"5":0,"6":0,"7":0,"8":0,"9":0,"10":0,"11":0},"f":{"0":0,"1":0},"b":{"0":[0,0]},"all":true},"/Users/ryanoates/mcp-projects/server/src/performance/performance_tracker.js":{"path":"/Users/ryanoates/mcp-projects/server/src/performance/performance_tracker.js","statementMap":{"0":{"start":{"line":3,"column":8},"end":{"line":6,"column":10}},"1":{"start":{"line":10,"column":26},"end":{"line":10,"column":36}},"2":{"start":{"line":11,"column":28},"end":{"line":11,"column":58}},"3":{"start":{"line":13,"column":8},"end":{"line":34,"column":9}},"4":{"start":{"line":14,"column":27},"end":{"line":14,"column":47}},"5":{"start":{"line":16,"column":28},"end":{"line":16,"column":38}},"6":{"start":{"line":17,"column":30},"end":{"line":17,"column":60}},"7":{"start":{"line":19,"column":12},"end":{"line":25,"column":14}},"8":{"start":{"line":27,"column":12},"end":{"line":33,"column":14}},"9":{"start":{"line":39,"column":8},"end":{"line":64,"column":10}},"10":{"start":{"line":40,"column":26},"end":{"line":40,"column":36}},"11":{"start":{"line":41,"column":12},"end":{"line":63,"column":13}},"12":{"start":{"line":42,"column":31},"end":{"line":42,"column":48}},"13":{"start":{"line":43,"column":33},"end":{"line":43,"column":51}},"14":{"start":{"line":45,"column":16},"end":{"line":52,"column":18}},"15":{"start":{"line":54,"column":16},"end":{"line":62,"column":18}},"16":{"start":{"line":68,"column":0},"end":{"line":68,"column":33}}},"fnMap":{"0":{"name":"(anonymous_0)","decl":{"start":{"line":2,"column":4},"end":{"line":2,"column":5}},"loc":{"start":{"line":2,"column":29},"end":{"line":7,"column":5}},"line":2},"1":{"name":"(anonymous_1)","decl":{"start":{"line":9,"column":4},"end":{"line":9,"column":5}},"loc":{"start":{"line":9,"column":44},"end":{"line":35,"column":5}},"line":9},"2":{"name":"(anonymous_2)","decl":{"start":{"line":38,"column":4},"end":{"line":38,"column":5}},"loc":{"start":{"line":38,"column":41},"end":{"line":65,"column":5}},"line":38},"3":{"name":"(anonymous_3)","decl":{"start":{"line":39,"column":15},"end":{"line":39,"column":16}},"loc":{"start":{"line":39,"column":34},"end":{"line":64,"column":9}},"line":39}},"branchMap":{"0":{"loc":{"start":{"line":2,"column":16},"end":{"line":2,"column":27}},"type":"default-arg","locations":[{"start":{"line":2,"column":25},"end":{"line":2,"column":27}}],"line":2},"1":{"loc":{"start":{"line":4,"column":29},"end":{"line":4,"column":59}},"type":"binary-expr","locations":[{"start":{"line":4,"column":29},"end":{"line":4,"column":51}},{"start":{"line":4,"column":55},"end":{"line":4,"column":59}}],"line":4},"2":{"loc":{"start":{"line":5,"column":25},"end":{"line":5,"column":65}},"type":"binary-expr","locations":[{"start":{"line":5,"column":25},"end":{"line":5,"column":43}},{"start":{"line":5,"column":47},"end":{"line":5,"column":65}}],"line":5},"3":{"loc":{"start":{"line":38,"column":27},"end":{"line":38,"column":39}},"type":"default-arg","locations":[{"start":{"line":38,"column":37},"end":{"line":38,"column":39}}],"line":38}},"s":{"0":0,"1":0,"2":0,"3":0,"4":0,"5":0,"6":0,"7":0,"8":0,"9":0,"10":0,"11":0,"12":0,"13":0,"14":0,"15":0,"16":0},"f":{"0":0,"1":0,"2":0,"3":0},"b":{"0":[0],"1":[0,0],"2":[0,0],"3":[0]},"all":true},"/Users/ryanoates/mcp-projects/server/src/server/custom-server.js":{"path":"/Users/ryanoates/mcp-projects/server/src/server/custom-server.js","statementMap":{"0":{"start":{"line":13,"column":21},"end":{"line":18,"column":5}},"1":{"start":{"line":19,"column":4},"end":{"line":19,"column":42}},"2":{"start":{"line":21,"column":4},"end":{"line":29,"column":5}},"3":{"start":{"line":22,"column":21},"end":{"line":22,"column":64}},"4":{"start":{"line":23,"column":6},"end":{"line":23,"column":65}},"5":{"start":{"line":25,"column":22},"end":{"line":25,"column":99}},"6":{"start":{"line":26,"column":6},"end":{"line":26,"column":83}},"7":{"start":{"line":28,"column":6},"end":{"line":28,"column":45}},"8":{"start":{"line":32,"column":35},"end":{"line":32,"column":71}},"9":{"start":{"line":33,"column":36},"end":{"line":33,"column":73}},"10":{"start":{"line":34,"column":35},"end":{"line":34,"column":71}},"11":{"start":{"line":40,"column":4},"end":{"line":40,"column":25}},"12":{"start":{"line":44,"column":4},"end":{"line":44,"column":67}},"13":{"start":{"line":48,"column":4},"end":{"line":48,"column":78}},"14":{"start":{"line":52,"column":4},"end":{"line":52,"column":74}},"15":{"start":{"line":59,"column":4},"end":{"line":59,"column":22}},"16":{"start":{"line":60,"column":4},"end":{"line":60,"column":41}},"17":{"start":{"line":64,"column":21},"end":{"line":68,"column":6}},"18":{"start":{"line":69,"column":4},"end":{"line":69,"column":47}},"19":{"start":{"line":73,"column":21},"end":{"line":77,"column":5}},"20":{"start":{"line":78,"column":4},"end":{"line":81,"column":7}},"21":{"start":{"line":85,"column":19},"end":{"line":94,"column":11}},"22":{"start":{"line":96,"column":4},"end":{"line":96,"column":58}},"23":{"start":{"line":103,"column":4},"end":{"line":103,"column":22}},"24":{"start":{"line":104,"column":4},"end":{"line":104,"column":44}},"25":{"start":{"line":108,"column":21},"end":{"line":113,"column":6}},"26":{"start":{"line":114,"column":4},"end":{"line":114,"column":36}},"27":{"start":{"line":118,"column":21},"end":{"line":123,"column":5}},"28":{"start":{"line":124,"column":4},"end":{"line":127,"column":7}},"29":{"start":{"line":131,"column":21},"end":{"line":145,"column":6}},"30":{"start":{"line":147,"column":4},"end":{"line":147,"column":31}},"31":{"start":{"line":154,"column":4},"end":{"line":154,"column":22}},"32":{"start":{"line":155,"column":4},"end":{"line":155,"column":49}},"33":{"start":{"line":156,"column":4},"end":{"line":156,"column":73}},"34":{"start":{"line":160,"column":24},"end":{"line":166,"column":6}},"35":{"start":{"line":168,"column":19},"end":{"line":168,"column":87}},"36":{"start":{"line":169,"column":4},"end":{"line":169,"column":34}},"37":{"start":{"line":173,"column":21},"end":{"line":180,"column":5}},"38":{"start":{"line":181,"column":4},"end":{"line":181,"column":31}},"39":{"start":{"line":185,"column":21},"end":{"line":198,"column":6}},"40":{"start":{"line":200,"column":4},"end":{"line":200,"column":31}},"41":{"start":{"line":207,"column":4},"end":{"line":211,"column":6}},"42":{"start":{"line":215,"column":4},"end":{"line":217,"column":5}},"43":{"start":{"line":216,"column":6},"end":{"line":216,"column":71}},"44":{"start":{"line":218,"column":4},"end":{"line":220,"column":5}},"45":{"start":{"line":219,"column":6},"end":{"line":219,"column":80}},"46":{"start":{"line":221,"column":4},"end":{"line":223,"column":5}},"47":{"start":{"line":222,"column":6},"end":{"line":222,"column":77}},"48":{"start":{"line":227,"column":28},"end":{"line":227,"column":81}},"49":{"start":{"line":227,"column":70},"end":{"line":227,"column":80}},"50":{"start":{"line":229,"column":4},"end":{"line":231,"column":5}},"51":{"start":{"line":230,"column":6},"end":{"line":230,"column":53}},"52":{"start":{"line":235,"column":29},"end":{"line":235,"column":96}},"53":{"start":{"line":237,"column":4},"end":{"line":240,"column":7}},"54":{"start":{"line":242,"column":4},"end":{"line":242,"column":28}},"55":{"start":{"line":246,"column":21},"end":{"line":246,"column":58}},"56":{"start":{"line":247,"column":4},"end":{"line":247,"column":44}},"57":{"start":{"line":251,"column":21},"end":{"line":251,"column":69}},"58":{"start":{"line":252,"column":4},"end":{"line":252,"column":50}},"59":{"start":{"line":256,"column":21},"end":{"line":256,"column":65}},"60":{"start":{"line":257,"column":4},"end":{"line":257,"column":47}},"61":{"start":{"line":262,"column":24},"end":{"line":262,"column":45}},"62":{"start":{"line":264,"column":21},"end":{"line":273,"column":1}},"63":{"start":{"line":275,"column":14},"end":{"line":378,"column":1}},"64":{"start":{"line":289,"column":6},"end":{"line":307,"column":7}},"65":{"start":{"line":290,"column":8},"end":{"line":293,"column":11}},"66":{"start":{"line":295,"column":30},"end":{"line":295,"column":81}},"67":{"start":{"line":297,"column":8},"end":{"line":303,"column":10}},"68":{"start":{"line":305,"column":8},"end":{"line":305,"column":72}},"69":{"start":{"line":306,"column":8},"end":{"line":306,"column":70}},"70":{"start":{"line":318,"column":6},"end":{"line":336,"column":7}},"71":{"start":{"line":319,"column":8},"end":{"line":322,"column":11}},"72":{"start":{"line":324,"column":30},"end":{"line":324,"column":78}},"73":{"start":{"line":326,"column":8},"end":{"line":332,"column":10}},"74":{"start":{"line":334,"column":8},"end":{"line":334,"column":68}},"75":{"start":{"line":335,"column":8},"end":{"line":335,"column":66}},"76":{"start":{"line":357,"column":6},"end":{"line":375,"column":7}},"77":{"start":{"line":358,"column":8},"end":{"line":361,"column":11}},"78":{"start":{"line":363,"column":29},"end":{"line":363,"column":74}},"79":{"start":{"line":365,"column":8},"end":{"line":371,"column":10}},"80":{"start":{"line":373,"column":8},"end":{"line":373,"column":72}},"81":{"start":{"line":374,"column":8},"end":{"line":374,"column":64}},"82":{"start":{"line":381,"column":20},"end":{"line":408,"column":1}},"83":{"start":{"line":382,"column":2},"end":{"line":407,"column":3}},"84":{"start":{"line":384,"column":4},"end":{"line":388,"column":7}},"85":{"start":{"line":390,"column":19},"end":{"line":390,"column":54}},"86":{"start":{"line":392,"column":17},"end":{"line":392,"column":45}},"87":{"start":{"line":393,"column":4},"end":{"line":393,"column":30}},"88":{"start":{"line":395,"column":4},"end":{"line":402,"column":7}},"89":{"start":{"line":401,"column":23},"end":{"line":401,"column":62}},"90":{"start":{"line":405,"column":4},"end":{"line":405,"column":83}},"91":{"start":{"line":406,"column":4},"end":{"line":406,"column":20}},"92":{"start":{"line":411,"column":0},"end":{"line":411,"column":35}}},"fnMap":{"0":{"name":"(anonymous_0)","decl":{"start":{"line":12,"column":2},"end":{"line":12,"column":3}},"loc":{"start":{"line":12,"column":44},"end":{"line":30,"column":3}},"line":12},"1":{"name":"(anonymous_1)","decl":{"start":{"line":32,"column":2},"end":{"line":32,"column":3}},"loc":{"start":{"line":32,"column":33},"end":{"line":32,"column":73}},"line":32},"2":{"name":"(anonymous_2)","decl":{"start":{"line":33,"column":2},"end":{"line":33,"column":3}},"loc":{"start":{"line":33,"column":34},"end":{"line":33,"column":75}},"line":33},"3":{"name":"(anonymous_3)","decl":{"start":{"line":34,"column":2},"end":{"line":34,"column":3}},"loc":{"start":{"line":34,"column":33},"end":{"line":34,"column":73}},"line":34},"4":{"name":"(anonymous_4)","decl":{"start":{"line":39,"column":2},"end":{"line":39,"column":3}},"loc":{"start":{"line":39,"column":22},"end":{"line":41,"column":3}},"line":39},"5":{"name":"(anonymous_5)","decl":{"start":{"line":43,"column":2},"end":{"line":43,"column":3}},"loc":{"start":{"line":43,"column":37},"end":{"line":45,"column":3}},"line":43},"6":{"name":"(anonymous_6)","decl":{"start":{"line":47,"column":2},"end":{"line":47,"column":3}},"loc":{"start":{"line":47,"column":38},"end":{"line":49,"column":3}},"line":47},"7":{"name":"(anonymous_7)","decl":{"start":{"line":51,"column":2},"end":{"line":51,"column":3}},"loc":{"start":{"line":51,"column":35},"end":{"line":53,"column":3}},"line":51},"8":{"name":"(anonymous_8)","decl":{"start":{"line":58,"column":2},"end":{"line":58,"column":3}},"loc":{"start":{"line":58,"column":22},"end":{"line":61,"column":3}},"line":58},"9":{"name":"(anonymous_9)","decl":{"start":{"line":63,"column":2},"end":{"line":63,"column":3}},"loc":{"start":{"line":63,"column":37},"end":{"line":70,"column":3}},"line":63},"10":{"name":"(anonymous_10)","decl":{"start":{"line":72,"column":2},"end":{"line":72,"column":3}},"loc":{"start":{"line":72,"column":38},"end":{"line":82,"column":3}},"line":72},"11":{"name":"(anonymous_11)","decl":{"start":{"line":84,"column":2},"end":{"line":84,"column":3}},"loc":{"start":{"line":84,"column":35},"end":{"line":97,"column":3}},"line":84},"12":{"name":"(anonymous_12)","decl":{"start":{"line":102,"column":2},"end":{"line":102,"column":3}},"loc":{"start":{"line":102,"column":22},"end":{"line":105,"column":3}},"line":102},"13":{"name":"(anonymous_13)","decl":{"start":{"line":107,"column":2},"end":{"line":107,"column":3}},"loc":{"start":{"line":107,"column":37},"end":{"line":115,"column":3}},"line":107},"14":{"name":"(anonymous_14)","decl":{"start":{"line":117,"column":2},"end":{"line":117,"column":3}},"loc":{"start":{"line":117,"column":38},"end":{"line":128,"column":3}},"line":117},"15":{"name":"(anonymous_15)","decl":{"start":{"line":130,"column":2},"end":{"line":130,"column":3}},"loc":{"start":{"line":130,"column":35},"end":{"line":148,"column":3}},"line":130},"16":{"name":"(anonymous_16)","decl":{"start":{"line":153,"column":2},"end":{"line":153,"column":3}},"loc":{"start":{"line":153,"column":22},"end":{"line":157,"column":3}},"line":153},"17":{"name":"(anonymous_17)","decl":{"start":{"line":159,"column":2},"end":{"line":159,"column":3}},"loc":{"start":{"line":159,"column":37},"end":{"line":170,"column":3}},"line":159},"18":{"name":"(anonymous_18)","decl":{"start":{"line":172,"column":2},"end":{"line":172,"column":3}},"loc":{"start":{"line":172,"column":38},"end":{"line":182,"column":3}},"line":172},"19":{"name":"(anonymous_19)","decl":{"start":{"line":184,"column":2},"end":{"line":184,"column":3}},"loc":{"start":{"line":184,"column":35},"end":{"line":201,"column":3}},"line":184},"20":{"name":"(anonymous_20)","decl":{"start":{"line":206,"column":2},"end":{"line":206,"column":3}},"loc":{"start":{"line":206,"column":16},"end":{"line":212,"column":3}},"line":206},"21":{"name":"(anonymous_21)","decl":{"start":{"line":214,"column":2},"end":{"line":214,"column":3}},"loc":{"start":{"line":214,"column":21},"end":{"line":224,"column":3}},"line":214},"22":{"name":"(anonymous_22)","decl":{"start":{"line":226,"column":2},"end":{"line":226,"column":3}},"loc":{"start":{"line":226,"column":33},"end":{"line":243,"column":3}},"line":226},"23":{"name":"(anonymous_23)","decl":{"start":{"line":227,"column":65},"end":{"line":227,"column":66}},"loc":{"start":{"line":227,"column":70},"end":{"line":227,"column":80}},"line":227},"24":{"name":"(anonymous_24)","decl":{"start":{"line":245,"column":2},"end":{"line":245,"column":3}},"loc":{"start":{"line":245,"column":37},"end":{"line":248,"column":3}},"line":245},"25":{"name":"(anonymous_25)","decl":{"start":{"line":250,"column":2},"end":{"line":250,"column":3}},"loc":{"start":{"line":250,"column":38},"end":{"line":253,"column":3}},"line":250},"26":{"name":"(anonymous_26)","decl":{"start":{"line":255,"column":2},"end":{"line":255,"column":3}},"loc":{"start":{"line":255,"column":35},"end":{"line":258,"column":3}},"line":255},"27":{"name":"(anonymous_27)","decl":{"start":{"line":288,"column":14},"end":{"line":288,"column":15}},"loc":{"start":{"line":288,"column":50},"end":{"line":308,"column":5}},"line":288},"28":{"name":"(anonymous_28)","decl":{"start":{"line":317,"column":14},"end":{"line":317,"column":15}},"loc":{"start":{"line":317,"column":44},"end":{"line":337,"column":5}},"line":317},"29":{"name":"(anonymous_29)","decl":{"start":{"line":356,"column":14},"end":{"line":356,"column":15}},"loc":{"start":{"line":356,"column":52},"end":{"line":376,"column":5}},"line":356},"30":{"name":"(anonymous_30)","decl":{"start":{"line":381,"column":20},"end":{"line":381,"column":21}},"loc":{"start":{"line":381,"column":32},"end":{"line":408,"column":1}},"line":381},"31":{"name":"(anonymous_31)","decl":{"start":{"line":401,"column":16},"end":{"line":401,"column":17}},"loc":{"start":{"line":401,"column":23},"end":{"line":401,"column":62}},"line":401}},"branchMap":{"0":{"loc":{"start":{"line":12,"column":29},"end":{"line":12,"column":42}},"type":"default-arg","locations":[{"start":{"line":12,"column":40},"end":{"line":12,"column":42}}],"line":12},"1":{"loc":{"start":{"line":43,"column":23},"end":{"line":43,"column":35}},"type":"default-arg","locations":[{"start":{"line":43,"column":33},"end":{"line":43,"column":35}}],"line":43},"2":{"loc":{"start":{"line":63,"column":23},"end":{"line":63,"column":35}},"type":"default-arg","locations":[{"start":{"line":63,"column":33},"end":{"line":63,"column":35}}],"line":63},"3":{"loc":{"start":{"line":65,"column":13},"end":{"line":65,"column":43}},"type":"binary-expr","locations":[{"start":{"line":65,"column":13},"end":{"line":65,"column":26}},{"start":{"line":65,"column":30},"end":{"line":65,"column":43}}],"line":65},"4":{"loc":{"start":{"line":107,"column":23},"end":{"line":107,"column":35}},"type":"default-arg","locations":[{"start":{"line":107,"column":33},"end":{"line":107,"column":35}}],"line":107},"5":{"loc":{"start":{"line":109,"column":13},"end":{"line":109,"column":40}},"type":"binary-expr","locations":[{"start":{"line":109,"column":13},"end":{"line":109,"column":26}},{"start":{"line":109,"column":30},"end":{"line":109,"column":40}}],"line":109},"6":{"loc":{"start":{"line":110,"column":18},"end":{"line":110,"column":44}},"type":"binary-expr","locations":[{"start":{"line":110,"column":18},"end":{"line":110,"column":36}},{"start":{"line":110,"column":40},"end":{"line":110,"column":44}}],"line":110},"7":{"loc":{"start":{"line":159,"column":23},"end":{"line":159,"column":35}},"type":"default-arg","locations":[{"start":{"line":159,"column":33},"end":{"line":159,"column":35}}],"line":159},"8":{"loc":{"start":{"line":163,"column":25},"end":{"line":163,"column":51}},"type":"binary-expr","locations":[{"start":{"line":163,"column":25},"end":{"line":163,"column":43}},{"start":{"line":163,"column":47},"end":{"line":163,"column":51}}],"line":163},"9":{"loc":{"start":{"line":164,"column":21},"end":{"line":164,"column":47}},"type":"binary-expr","locations":[{"start":{"line":164,"column":21},"end":{"line":164,"column":40}},{"start":{"line":164,"column":44},"end":{"line":164,"column":47}}],"line":164},"10":{"loc":{"start":{"line":215,"column":4},"end":{"line":217,"column":5}},"type":"if","locations":[{"start":{"line":215,"column":4},"end":{"line":217,"column":5}},{"start":{},"end":{}}],"line":215},"11":{"loc":{"start":{"line":218,"column":4},"end":{"line":220,"column":5}},"type":"if","locations":[{"start":{"line":218,"column":4},"end":{"line":220,"column":5}},{"start":{},"end":{}}],"line":218},"12":{"loc":{"start":{"line":221,"column":4},"end":{"line":223,"column":5}},"type":"if","locations":[{"start":{"line":221,"column":4},"end":{"line":223,"column":5}},{"start":{},"end":{}}],"line":221},"13":{"loc":{"start":{"line":229,"column":4},"end":{"line":231,"column":5}},"type":"if","locations":[{"start":{"line":229,"column":4},"end":{"line":231,"column":5}},{"start":{},"end":{}}],"line":229},"14":{"loc":{"start":{"line":245,"column":23},"end":{"line":245,"column":35}},"type":"default-arg","locations":[{"start":{"line":245,"column":33},"end":{"line":245,"column":35}}],"line":245},"15":{"loc":{"start":{"line":288,"column":31},"end":{"line":288,"column":43}},"type":"default-arg","locations":[{"start":{"line":288,"column":41},"end":{"line":288,"column":43}}],"line":288},"16":{"loc":{"start":{"line":301,"column":22},"end":{"line":301,"column":57}},"type":"binary-expr","locations":[{"start":{"line":301,"column":22},"end":{"line":301,"column":44}},{"start":{"line":301,"column":48},"end":{"line":301,"column":57}}],"line":301},"17":{"loc":{"start":{"line":330,"column":22},"end":{"line":330,"column":57}},"type":"binary-expr","locations":[{"start":{"line":330,"column":22},"end":{"line":330,"column":44}},{"start":{"line":330,"column":48},"end":{"line":330,"column":57}}],"line":330},"18":{"loc":{"start":{"line":356,"column":33},"end":{"line":356,"column":45}},"type":"default-arg","locations":[{"start":{"line":356,"column":43},"end":{"line":356,"column":45}}],"line":356},"19":{"loc":{"start":{"line":369,"column":22},"end":{"line":369,"column":56}},"type":"binary-expr","locations":[{"start":{"line":369,"column":22},"end":{"line":369,"column":43}},{"start":{"line":369,"column":47},"end":{"line":369,"column":56}}],"line":369},"20":{"loc":{"start":{"line":392,"column":17},"end":{"line":392,"column":45}},"type":"binary-expr","locations":[{"start":{"line":392,"column":17},"end":{"line":392,"column":37}},{"start":{"line":392,"column":41},"end":{"line":392,"column":45}}],"line":392}},"s":{"0":0,"1":0,"2":0,"3":0,"4":0,"5":0,"6":0,"7":0,"8":0,"9":0,"10":0,"11":0,"12":0,"13":0,"14":0,"15":0,"16":0,"17":0,"18":0,"19":0,"20":0,"21":0,"22":0,"23":0,"24":0,"25":0,"26":0,"27":0,"28":0,"29":0,"30":0,"31":0,"32":0,"33":0,"34":0,"35":0,"36":0,"37":0,"38":0,"39":0,"40":0,"41":0,"42":0,"43":0,"44":0,"45":0,"46":0,"47":0,"48":0,"49":0,"50":0,"51":0,"52":0,"53":0,"54":0,"55":0,"56":0,"57":0,"58":0,"59":0,"60":0,"61":0,"62":0,"63":0,"64":0,"65":0,"66":0,"67":0,"68":0,"69":0,"70":0,"71":0,"72":0,"73":0,"74":0,"75":0,"76":0,"77":0,"78":0,"79":0,"80":0,"81":0,"82":0,"83":0,"84":0,"85":0,"86":0,"87":0,"88":0,"89":0,"90":0,"91":0,"92":0},"f":{"0":0,"1":0,"2":0,"3":0,"4":0,"5":0,"6":0,"7":0,"8":0,"9":0,"10":0,"11":0,"12":0,"13":0,"14":0,"15":0,"16":0,"17":0,"18":0,"19":0,"20":0,"21":0,"22":0,"23":0,"24":0,"25":0,"26":0,"27":0,"28":0,"29":0,"30":0,"31":0},"b":{"0":[0],"1":[0],"2":[0],"3":[0,0],"4":[0],"5":[0,0],"6":[0,0],"7":[0],"8":[0,0],"9":[0,0],"10":[0,0],"11":[0,0],"12":[0,0],"13":[0,0],"14":[0],"15":[0],"16":[0,0],"17":[0,0],"18":[0],"19":[0,0],"20":[0,0]},"all":true},"/Users/ryanoates/mcp-projects/server/src/server/simple-server.js":{"path":"/Users/ryanoates/mcp-projects/server/src/server/simple-server.js","statementMap":{"0":{"start":{"line":1,"column":13},"end":{"line":1,"column":28}},"1":{"start":{"line":2,"column":15},"end":{"line":2,"column":32}},"2":{"start":{"line":3,"column":21},"end":{"line":3,"column":45}},"3":{"start":{"line":4,"column":13},"end":{"line":4,"column":28}},"4":{"start":{"line":5,"column":11},"end":{"line":5,"column":24}},"5":{"start":{"line":8,"column":16},"end":{"line":8,"column":48}},"6":{"start":{"line":11,"column":30},"end":{"line":28,"column":1}},"7":{"start":{"line":12,"column":22},"end":{"line":12,"column":59}},"8":{"start":{"line":13,"column":19},"end":{"line":18,"column":3}},"9":{"start":{"line":20,"column":2},"end":{"line":27,"column":5}},"10":{"start":{"line":21,"column":19},"end":{"line":21,"column":68}},"11":{"start":{"line":22,"column":4},"end":{"line":26,"column":5}},"12":{"start":{"line":23,"column":6},"end":{"line":23,"column":63}},"13":{"start":{"line":25,"column":6},"end":{"line":25,"column":34}},"14":{"start":{"line":30,"column":0},"end":{"line":30,"column":24}},"15":{"start":{"line":33,"column":13},"end":{"line":33,"column":37}},"16":{"start":{"line":36,"column":14},"end":{"line":36,"column":16}},"17":{"start":{"line":39,"column":31},"end":{"line":56,"column":1}},"18":{"start":{"line":40,"column":20},"end":{"line":40,"column":63}},"19":{"start":{"line":41,"column":2},"end":{"line":41,"column":40}},"20":{"start":{"line":41,"column":33},"end":{"line":41,"column":40}},"21":{"start":{"line":43,"column":16},"end":{"line":43,"column":41}},"22":{"start":{"line":44,"column":2},"end":{"line":55,"column":3}},"23":{"start":{"line":45,"column":4},"end":{"line":54,"column":5}},"24":{"start":{"line":46,"column":6},"end":{"line":53,"column":7}},"25":{"start":{"line":47,"column":21},"end":{"line":47,"column":56}},"26":{"start":{"line":48,"column":25},"end":{"line":48,"column":53}},"27":{"start":{"line":49,"column":8},"end":{"line":49,"column":37}},"28":{"start":{"line":50,"column":8},"end":{"line":50,"column":78}},"29":{"start":{"line":52,"column":8},"end":{"line":52,"column":82}},"30":{"start":{"line":59,"column":24},"end":{"line":59,"column":86}},"31":{"start":{"line":60,"column":0},"end":{"line":66,"column":5}},"32":{"start":{"line":60,"column":39},"end":{"line":60,"column":66}},"33":{"start":{"line":62,"column":4},"end":{"line":62,"column":74}},"34":{"start":{"line":65,"column":4},"end":{"line":65,"column":49}},"35":{"start":{"line":69,"column":15},"end":{"line":124,"column":2}},"36":{"start":{"line":71,"column":2},"end":{"line":71,"column":52}},"37":{"start":{"line":72,"column":2},"end":{"line":72,"column":70}},"38":{"start":{"line":73,"column":2},"end":{"line":73,"column":64}},"39":{"start":{"line":76,"column":2},"end":{"line":80,"column":3}},"40":{"start":{"line":77,"column":4},"end":{"line":77,"column":23}},"41":{"start":{"line":78,"column":4},"end":{"line":78,"column":14}},"42":{"start":{"line":79,"column":4},"end":{"line":79,"column":11}},"43":{"start":{"line":83,"column":14},"end":{"line":83,"column":60}},"44":{"start":{"line":84,"column":15},"end":{"line":84,"column":27}},"45":{"start":{"line":87,"column":2},"end":{"line":91,"column":3}},"46":{"start":{"line":88,"column":4},"end":{"line":88,"column":61}},"47":{"start":{"line":89,"column":4},"end":{"line":89,"column":24}},"48":{"start":{"line":90,"column":4},"end":{"line":90,"column":11}},"49":{"start":{"line":94,"column":2},"end":{"line":119,"column":3}},"50":{"start":{"line":95,"column":4},"end":{"line":95,"column":62}},"51":{"start":{"line":96,"column":15},"end":{"line":96,"column":17}},"52":{"start":{"line":97,"column":4},"end":{"line":99,"column":7}},"53":{"start":{"line":98,"column":6},"end":{"line":98,"column":31}},"54":{"start":{"line":100,"column":4},"end":{"line":117,"column":7}},"55":{"start":{"line":101,"column":6},"end":{"line":116,"column":7}},"56":{"start":{"line":102,"column":21},"end":{"line":102,"column":37}},"57":{"start":{"line":103,"column":23},"end":{"line":103,"column":54}},"58":{"start":{"line":106,"column":8},"end":{"line":109,"column":9}},"59":{"start":{"line":107,"column":27},"end":{"line":107,"column":45}},"60":{"start":{"line":108,"column":10},"end":{"line":108,"column":61}},"61":{"start":{"line":111,"column":8},"end":{"line":111,"column":67}},"62":{"start":{"line":112,"column":8},"end":{"line":112,"column":42}},"63":{"start":{"line":114,"column":8},"end":{"line":114,"column":67}},"64":{"start":{"line":115,"column":8},"end":{"line":115,"column":58}},"65":{"start":{"line":118,"column":4},"end":{"line":118,"column":11}},"66":{"start":{"line":122,"column":2},"end":{"line":122,"column":61}},"67":{"start":{"line":123,"column":2},"end":{"line":123,"column":50}},"68":{"start":{"line":127,"column":0},"end":{"line":133,"column":3}},"69":{"start":{"line":128,"column":2},"end":{"line":128,"column":48}},"70":{"start":{"line":129,"column":2},"end":{"line":129,"column":38}},"71":{"start":{"line":130,"column":2},"end":{"line":130,"column":71}},"72":{"start":{"line":131,"column":2},"end":{"line":131,"column":78}},"73":{"start":{"line":132,"column":2},"end":{"line":132,"column":72}},"74":{"start":{"line":137,"column":2},"end":{"line":141,"column":5}},"75":{"start":{"line":143,"column":20},"end":{"line":145,"column":11}},"76":{"start":{"line":144,"column":4},"end":{"line":144,"column":23}},"77":{"start":{"line":147,"column":2},"end":{"line":149,"column":5}},"78":{"start":{"line":148,"column":4},"end":{"line":148,"column":29}},"79":{"start":{"line":151,"column":2},"end":{"line":151,"column":44}},"80":{"start":{"line":157,"column":15},"end":{"line":157,"column":30}},"81":{"start":{"line":159,"column":2},"end":{"line":164,"column":3}},"82":{"start":{"line":160,"column":4},"end":{"line":163,"column":6}},"83":{"start":{"line":166,"column":2},"end":{"line":175,"column":3}},"84":{"start":{"line":168,"column":4},"end":{"line":168,"column":36}},"85":{"start":{"line":170,"column":4},"end":{"line":170,"column":66}},"86":{"start":{"line":171,"column":4},"end":{"line":174,"column":6}}},"fnMap":{"0":{"name":"(anonymous_0)","decl":{"start":{"line":11,"column":30},"end":{"line":11,"column":31}},"loc":{"start":{"line":11,"column":36},"end":{"line":28,"column":1}},"line":11},"1":{"name":"(anonymous_1)","decl":{"start":{"line":20,"column":19},"end":{"line":20,"column":20}},"loc":{"start":{"line":20,"column":27},"end":{"line":27,"column":3}},"line":20},"2":{"name":"(anonymous_2)","decl":{"start":{"line":39,"column":31},"end":{"line":39,"column":32}},"loc":{"start":{"line":39,"column":52},"end":{"line":56,"column":1}},"line":39},"3":{"name":"(anonymous_3)","decl":{"start":{"line":60,"column":32},"end":{"line":60,"column":33}},"loc":{"start":{"line":60,"column":39},"end":{"line":60,"column":66}},"line":60},"4":{"name":"(anonymous_4)","decl":{"start":{"line":61,"column":8},"end":{"line":61,"column":9}},"loc":{"start":{"line":61,"column":14},"end":{"line":63,"column":3}},"line":61},"5":{"name":"(anonymous_5)","decl":{"start":{"line":64,"column":9},"end":{"line":64,"column":10}},"loc":{"start":{"line":64,"column":18},"end":{"line":66,"column":3}},"line":64},"6":{"name":"(anonymous_6)","decl":{"start":{"line":69,"column":33},"end":{"line":69,"column":34}},"loc":{"start":{"line":69,"column":47},"end":{"line":124,"column":1}},"line":69},"7":{"name":"(anonymous_7)","decl":{"start":{"line":97,"column":19},"end":{"line":97,"column":20}},"loc":{"start":{"line":97,"column":28},"end":{"line":99,"column":5}},"line":97},"8":{"name":"(anonymous_8)","decl":{"start":{"line":100,"column":18},"end":{"line":100,"column":19}},"loc":{"start":{"line":100,"column":30},"end":{"line":117,"column":5}},"line":100},"9":{"name":"(anonymous_9)","decl":{"start":{"line":127,"column":20},"end":{"line":127,"column":21}},"loc":{"start":{"line":127,"column":26},"end":{"line":133,"column":1}},"line":127},"10":{"name":"handleSSE","decl":{"start":{"line":136,"column":9},"end":{"line":136,"column":18}},"loc":{"start":{"line":136,"column":29},"end":{"line":152,"column":1}},"line":136},"11":{"name":"(anonymous_11)","decl":{"start":{"line":143,"column":32},"end":{"line":143,"column":33}},"loc":{"start":{"line":143,"column":38},"end":{"line":145,"column":3}},"line":143},"12":{"name":"(anonymous_12)","decl":{"start":{"line":147,"column":18},"end":{"line":147,"column":19}},"loc":{"start":{"line":147,"column":24},"end":{"line":149,"column":3}},"line":147},"13":{"name":"handleToolRequest","decl":{"start":{"line":155,"column":15},"end":{"line":155,"column":32}},"loc":{"start":{"line":155,"column":49},"end":{"line":176,"column":1}},"line":155}},"branchMap":{"0":{"loc":{"start":{"line":12,"column":22},"end":{"line":12,"column":59}},"type":"binary-expr","locations":[{"start":{"line":12,"column":22},"end":{"line":12,"column":42}},{"start":{"line":12,"column":46},"end":{"line":12,"column":59}}],"line":12},"1":{"loc":{"start":{"line":22,"column":4},"end":{"line":26,"column":5}},"type":"if","locations":[{"start":{"line":22,"column":4},"end":{"line":26,"column":5}},{"start":{"line":24,"column":11},"end":{"line":26,"column":5}}],"line":22},"2":{"loc":{"start":{"line":33,"column":13},"end":{"line":33,"column":37}},"type":"binary-expr","locations":[{"start":{"line":33,"column":13},"end":{"line":33,"column":29}},{"start":{"line":33,"column":33},"end":{"line":33,"column":37}}],"line":33},"3":{"loc":{"start":{"line":41,"column":2},"end":{"line":41,"column":40}},"type":"if","locations":[{"start":{"line":41,"column":2},"end":{"line":41,"column":40}},{"start":{},"end":{}}],"line":41},"4":{"loc":{"start":{"line":45,"column":4},"end":{"line":54,"column":5}},"type":"if","locations":[{"start":{"line":45,"column":4},"end":{"line":54,"column":5}},{"start":{},"end":{}}],"line":45},"5":{"loc":{"start":{"line":76,"column":2},"end":{"line":80,"column":3}},"type":"if","locations":[{"start":{"line":76,"column":2},"end":{"line":80,"column":3}},{"start":{},"end":{}}],"line":76},"6":{"loc":{"start":{"line":87,"column":2},"end":{"line":91,"column":3}},"type":"if","locations":[{"start":{"line":87,"column":2},"end":{"line":91,"column":3}},{"start":{},"end":{}}],"line":87},"7":{"loc":{"start":{"line":87,"column":6},"end":{"line":87,"column":48}},"type":"binary-expr","locations":[{"start":{"line":87,"column":6},"end":{"line":87,"column":24}},{"start":{"line":87,"column":28},"end":{"line":87,"column":48}}],"line":87},"8":{"loc":{"start":{"line":94,"column":2},"end":{"line":119,"column":3}},"type":"if","locations":[{"start":{"line":94,"column":2},"end":{"line":119,"column":3}},{"start":{},"end":{}}],"line":94},"9":{"loc":{"start":{"line":106,"column":8},"end":{"line":109,"column":9}},"type":"if","locations":[{"start":{"line":106,"column":8},"end":{"line":109,"column":9}},{"start":{},"end":{}}],"line":106},"10":{"loc":{"start":{"line":159,"column":2},"end":{"line":164,"column":3}},"type":"if","locations":[{"start":{"line":159,"column":2},"end":{"line":164,"column":3}},{"start":{},"end":{}}],"line":159}},"s":{"0":0,"1":0,"2":0,"3":0,"4":0,"5":0,"6":0,"7":0,"8":0,"9":0,"10":0,"11":0,"12":0,"13":0,"14":0,"15":0,"16":0,"17":0,"18":0,"19":0,"20":0,"21":0,"22":0,"23":0,"24":0,"25":0,"26":0,"27":0,"28":0,"29":0,"30":0,"31":0,"32":0,"33":0,"34":0,"35":0,"36":0,"37":0,"38":0,"39":0,"40":0,"41":0,"42":0,"43":0,"44":0,"45":0,"46":0,"47":0,"48":0,"49":0,"50":0,"51":0,"52":0,"53":0,"54":0,"55":0,"56":0,"57":0,"58":0,"59":0,"60":0,"61":0,"62":0,"63":0,"64":0,"65":0,"66":0,"67":0,"68":0,"69":0,"70":0,"71":0,"72":0,"73":0,"74":0,"75":0,"76":0,"77":0,"78":0,"79":0,"80":0,"81":0,"82":0,"83":0,"84":0,"85":0,"86":0},"f":{"0":0,"1":0,"2":0,"3":0,"4":0,"5":0,"6":0,"7":0,"8":0,"9":0,"10":0,"11":0,"12":0,"13":0},"b":{"0":[0,0],"1":[0,0],"2":[0,0],"3":[0,0],"4":[0,0],"5":[0,0],"6":[0,0],"7":[0,0],"8":[0,0],"9":[0,0],"10":[0,0]},"all":true},"/Users/ryanoates/mcp-projects/server/src/services/code-analysis/analyzers.ts":{"path":"/Users/ryanoates/mcp-projects/server/src/services/code-analysis/analyzers.ts","statementMap":{"0":{"start":{"line":29,"column":4},"end":{"line":32,"column":7}},"1":{"start":{"line":36,"column":4},"end":{"line":61,"column":5}},"2":{"start":{"line":37,"column":21},"end":{"line":40,"column":8}},"3":{"start":{"line":42,"column":6},"end":{"line":57,"column":8}},"4":{"start":{"line":43,"column":44},"end":{"line":48,"column":9}},"5":{"start":{"line":59,"column":6},"end":{"line":59,"column":52}},"6":{"start":{"line":60,"column":6},"end":{"line":60,"column":48}},"7":{"start":{"line":65,"column":25},"end":{"line":65,"column":44}}},"fnMap":{"0":{"name":"(anonymous_0)","decl":{"start":{"line":28,"column":2},"end":{"line":28,"column":3}},"loc":{"start":{"line":28,"column":16},"end":{"line":33,"column":3}},"line":28},"1":{"name":"(anonymous_1)","decl":{"start":{"line":35,"column":2},"end":{"line":35,"column":3}},"loc":{"start":{"line":35,"column":80},"end":{"line":62,"column":3}},"line":35},"2":{"name":"(anonymous_2)","decl":{"start":{"line":43,"column":34},"end":{"line":43,"column":35}},"loc":{"start":{"line":43,"column":44},"end":{"line":48,"column":9}},"line":43}},"branchMap":{"0":{"loc":{"start":{"line":30,"column":17},"end":{"line":30,"column":69}},"type":"binary-expr","locations":[{"start":{"line":30,"column":17},"end":{"line":30,"column":42}},{"start":{"line":30,"column":46},"end":{"line":30,"column":69}}],"line":30},"1":{"loc":{"start":{"line":31,"column":13},"end":{"line":31,"column":46}},"type":"binary-expr","locations":[{"start":{"line":31,"column":13},"end":{"line":31,"column":40}},{"start":{"line":31,"column":44},"end":{"line":31,"column":46}}],"line":31},"2":{"loc":{"start":{"line":38,"column":20},"end":{"line":38,"column":57}},"type":"binary-expr","locations":[{"start":{"line":38,"column":20},"end":{"line":38,"column":38}},{"start":{"line":38,"column":42},"end":{"line":38,"column":57}}],"line":38},"3":{"loc":{"start":{"line":50,"column":22},"end":{"line":50,"column":53}},"type":"binary-expr","locations":[{"start":{"line":50,"column":22},"end":{"line":50,"column":48}},{"start":{"line":50,"column":52},"end":{"line":50,"column":53}}],"line":50},"4":{"loc":{"start":{"line":51,"column":27},"end":{"line":51,"column":63}},"type":"binary-expr","locations":[{"start":{"line":51,"column":27},"end":{"line":51,"column":58}},{"start":{"line":51,"column":62},"end":{"line":51,"column":63}}],"line":51},"5":{"loc":{"start":{"line":53,"column":16},"end":{"line":53,"column":41}},"type":"binary-expr","locations":[{"start":{"line":53,"column":16},"end":{"line":53,"column":36}},{"start":{"line":53,"column":40},"end":{"line":53,"column":41}}],"line":53},"6":{"loc":{"start":{"line":54,"column":27},"end":{"line":54,"column":63}},"type":"binary-expr","locations":[{"start":{"line":54,"column":27},"end":{"line":54,"column":58}},{"start":{"line":54,"column":62},"end":{"line":54,"column":63}}],"line":54},"7":{"loc":{"start":{"line":55,"column":22},"end":{"line":55,"column":53}},"type":"binary-expr","locations":[{"start":{"line":55,"column":22},"end":{"line":55,"column":48}},{"start":{"line":55,"column":52},"end":{"line":55,"column":53}}],"line":55}},"s":{"0":0,"1":0,"2":0,"3":0,"4":0,"5":0,"6":0,"7":0},"f":{"0":0,"1":0,"2":0},"b":{"0":[0,0],"1":[0,0],"2":[0,0],"3":[0,0],"4":[0,0],"5":[0,0],"6":[0,0],"7":[0,0]},"all":true},"/Users/ryanoates/mcp-projects/server/src/services/code-analysis/analyzers/sonarqube.ts":{"path":"/Users/ryanoates/mcp-projects/server/src/services/code-analysis/analyzers/sonarqube.ts","statementMap":{},"fnMap":{},"branchMap":{},"s":{},"f":{},"b":{},"all":true},"/Users/ryanoates/mcp-projects/server/src/services/code-analysis/clients/sonarqube.ts":{"path":"/Users/ryanoates/mcp-projects/server/src/services/code-analysis/clients/sonarqube.ts","statementMap":{"0":{"start":{"line":39,"column":4},"end":{"line":39,"column":25}},"1":{"start":{"line":43,"column":4},"end":{"line":90,"column":5}},"2":{"start":{"line":45,"column":6},"end":{"line":54,"column":9}},"3":{"start":{"line":57,"column":23},"end":{"line":64,"column":7}},"4":{"start":{"line":67,"column":30},"end":{"line":74,"column":7}},"5":{"start":{"line":76,"column":6},"end":{"line":86,"column":8}},"6":{"start":{"line":88,"column":6},"end":{"line":88,"column":57}},"7":{"start":{"line":89,"column":6},"end":{"line":89,"column":62}},"8":{"start":{"line":94,"column":20},"end":{"line":94,"column":90}},"9":{"start":{"line":94,"column":67},"end":{"line":94,"column":89}},"10":{"start":{"line":95,"column":4},"end":{"line":95,"column":47}}},"fnMap":{"0":{"name":"(anonymous_0)","decl":{"start":{"line":38,"column":2},"end":{"line":38,"column":3}},"loc":{"start":{"line":38,"column":39},"end":{"line":40,"column":3}},"line":38},"1":{"name":"(anonymous_1)","decl":{"start":{"line":42,"column":2},"end":{"line":42,"column":3}},"loc":{"start":{"line":42,"column":99},"end":{"line":91,"column":3}},"line":42},"2":{"name":"(anonymous_2)","decl":{"start":{"line":93,"column":2},"end":{"line":93,"column":3}},"loc":{"start":{"line":93,"column":67},"end":{"line":96,"column":3}},"line":93},"3":{"name":"(anonymous_3)","decl":{"start":{"line":94,"column":55},"end":{"line":94,"column":56}},"loc":{"start":{"line":94,"column":67},"end":{"line":94,"column":89}},"line":94}},"branchMap":{"0":{"loc":{"start":{"line":95,"column":11},"end":{"line":95,"column":46}},"type":"cond-expr","locations":[{"start":{"line":95,"column":21},"end":{"line":95,"column":42}},{"start":{"line":95,"column":45},"end":{"line":95,"column":46}}],"line":95}},"s":{"0":0,"1":0,"2":0,"3":0,"4":0,"5":0,"6":0,"7":0,"8":0,"9":0,"10":0},"f":{"0":0,"1":0,"2":0,"3":0},"b":{"0":[0,0]},"all":true},"/Users/ryanoates/mcp-projects/server/src/services/code-analysis/index.ts":{"path":"/Users/ryanoates/mcp-projects/server/src/services/code-analysis/index.ts","statementMap":{"0":{"start":{"line":4,"column":40},"end":{"line":15,"column":1}},"1":{"start":{"line":6,"column":2},"end":{"line":14,"column":5}},"2":{"start":{"line":7,"column":4},"end":{"line":13,"column":5}},"3":{"start":{"line":8,"column":29},"end":{"line":8,"column":37}},"4":{"start":{"line":9,"column":21},"end":{"line":9,"column":56}},"5":{"start":{"line":10,"column":6},"end":{"line":10,"column":23}},"6":{"start":{"line":12,"column":6},"end":{"line":12,"column":57}}},"fnMap":{"0":{"name":"(anonymous_0)","decl":{"start":{"line":4,"column":40},"end":{"line":4,"column":41}},"loc":{"start":{"line":4,"column":64},"end":{"line":15,"column":1}},"line":4},"1":{"name":"(anonymous_1)","decl":{"start":{"line":6,"column":27},"end":{"line":6,"column":28}},"loc":{"start":{"line":6,"column":47},"end":{"line":14,"column":3}},"line":6}},"branchMap":{},"s":{"0":0,"1":0,"2":0,"3":0,"4":0,"5":0,"6":0},"f":{"0":0,"1":0},"b":{},"all":true},"/Users/ryanoates/mcp-projects/server/src/services/config/ai_provider_config_manager.js":{"path":"/Users/ryanoates/mcp-projects/server/src/services/config/ai_provider_config_manager.js","statementMap":{"0":{"start":{"line":1,"column":11},"end":{"line":1,"column":33}},"1":{"start":{"line":2,"column":13},"end":{"line":2,"column":28}},"2":{"start":{"line":6,"column":8},"end":{"line":6,"column":103}},"3":{"start":{"line":7,"column":8},"end":{"line":46,"column":10}},"4":{"start":{"line":50,"column":8},"end":{"line":61,"column":9}},"5":{"start":{"line":51,"column":31},"end":{"line":51,"column":73}},"6":{"start":{"line":52,"column":31},"end":{"line":52,"column":53}},"7":{"start":{"line":55,"column":12},"end":{"line":55,"column":72}},"8":{"start":{"line":56,"column":12},"end":{"line":56,"column":34}},"9":{"start":{"line":59,"column":12},"end":{"line":59,"column":86}},"10":{"start":{"line":60,"column":12},"end":{"line":60,"column":34}},"11":{"start":{"line":65,"column":8},"end":{"line":85,"column":9}},"12":{"start":{"line":67,"column":12},"end":{"line":67,"column":50}},"13":{"start":{"line":70,"column":12},"end":{"line":70,"column":71}},"14":{"start":{"line":73,"column":12},"end":{"line":73,"column":79}},"15":{"start":{"line":76,"column":12},"end":{"line":79,"column":14}},"16":{"start":{"line":81,"column":12},"end":{"line":81,"column":34}},"17":{"start":{"line":83,"column":12},"end":{"line":83,"column":78}},"18":{"start":{"line":84,"column":12},"end":{"line":84,"column":24}},"19":{"start":{"line":89,"column":8},"end":{"line":107,"column":9}},"20":{"start":{"line":90,"column":12},"end":{"line":92,"column":13}},"21":{"start":{"line":91,"column":16},"end":{"line":91,"column":69}},"22":{"start":{"line":95,"column":12},"end":{"line":99,"column":13}},"23":{"start":{"line":96,"column":16},"end":{"line":98,"column":17}},"24":{"start":{"line":97,"column":20},"end":{"line":97,"column":83}},"25":{"start":{"line":102,"column":12},"end":{"line":106,"column":13}},"26":{"start":{"line":103,"column":16},"end":{"line":105,"column":17}},"27":{"start":{"line":104,"column":20},"end":{"line":104,"column":103}},"28":{"start":{"line":111,"column":23},"end":{"line":120,"column":9}},"29":{"start":{"line":124,"column":23},"end":{"line":124,"column":35}},"30":{"start":{"line":125,"column":8},"end":{"line":129,"column":11}},"31":{"start":{"line":133,"column":8},"end":{"line":142,"column":9}},"32":{"start":{"line":134,"column":12},"end":{"line":141,"column":13}},"33":{"start":{"line":135,"column":16},"end":{"line":140,"column":17}},"34":{"start":{"line":136,"column":20},"end":{"line":136,"column":75}},"35":{"start":{"line":136,"column":38},"end":{"line":136,"column":75}},"36":{"start":{"line":137,"column":20},"end":{"line":137,"column":61}},"37":{"start":{"line":139,"column":20},"end":{"line":139,"column":66}},"38":{"start":{"line":143,"column":8},"end":{"line":143,"column":22}},"39":{"start":{"line":147,"column":31},"end":{"line":160,"column":9}},"40":{"start":{"line":150,"column":12},"end":{"line":152,"column":9}},"41":{"start":{"line":151,"column":49},"end":{"line":151,"column":61}},"42":{"start":{"line":162,"column":23},"end":{"line":162,"column":35}},"43":{"start":{"line":163,"column":8},"end":{"line":167,"column":11}},"44":{"start":{"line":171,"column":0},"end":{"line":171,"column":41}}},"fnMap":{"0":{"name":"(anonymous_0)","decl":{"start":{"line":5,"column":4},"end":{"line":5,"column":5}},"loc":{"start":{"line":5,"column":29},"end":{"line":47,"column":5}},"line":5},"1":{"name":"(anonymous_1)","decl":{"start":{"line":49,"column":4},"end":{"line":49,"column":5}},"loc":{"start":{"line":49,"column":30},"end":{"line":62,"column":5}},"line":49},"2":{"name":"(anonymous_2)","decl":{"start":{"line":64,"column":4},"end":{"line":64,"column":5}},"loc":{"start":{"line":64,"column":39},"end":{"line":86,"column":5}},"line":64},"3":{"name":"(anonymous_3)","decl":{"start":{"line":88,"column":4},"end":{"line":88,"column":5}},"loc":{"start":{"line":88,"column":34},"end":{"line":108,"column":5}},"line":88},"4":{"name":"(anonymous_4)","decl":{"start":{"line":110,"column":4},"end":{"line":110,"column":5}},"loc":{"start":{"line":110,"column":47},"end":{"line":130,"column":5}},"line":110},"5":{"name":"(anonymous_5)","decl":{"start":{"line":132,"column":4},"end":{"line":132,"column":5}},"loc":{"start":{"line":132,"column":30},"end":{"line":144,"column":5}},"line":132},"6":{"name":"(anonymous_6)","decl":{"start":{"line":146,"column":4},"end":{"line":146,"column":5}},"loc":{"start":{"line":146,"column":42},"end":{"line":168,"column":5}},"line":146},"7":{"name":"(anonymous_7)","decl":{"start":{"line":149,"column":45},"end":{"line":149,"column":46}},"loc":{"start":{"line":150,"column":12},"end":{"line":152,"column":9}},"line":150},"8":{"name":"(anonymous_8)","decl":{"start":{"line":151,"column":40},"end":{"line":151,"column":41}},"loc":{"start":{"line":151,"column":49},"end":{"line":151,"column":61}},"line":151}},"branchMap":{"0":{"loc":{"start":{"line":5,"column":16},"end":{"line":5,"column":27}},"type":"default-arg","locations":[{"start":{"line":5,"column":25},"end":{"line":5,"column":27}}],"line":5},"1":{"loc":{"start":{"line":6,"column":26},"end":{"line":6,"column":102}},"type":"binary-expr","locations":[{"start":{"line":6,"column":26},"end":{"line":6,"column":43}},{"start":{"line":6,"column":47},"end":{"line":6,"column":102}}],"line":6},"2":{"loc":{"start":{"line":90,"column":12},"end":{"line":92,"column":13}},"type":"if","locations":[{"start":{"line":90,"column":12},"end":{"line":92,"column":13}},{"start":{},"end":{}}],"line":90},"3":{"loc":{"start":{"line":95,"column":12},"end":{"line":99,"column":13}},"type":"if","locations":[{"start":{"line":95,"column":12},"end":{"line":99,"column":13}},{"start":{},"end":{}}],"line":95},"4":{"loc":{"start":{"line":96,"column":16},"end":{"line":98,"column":17}},"type":"if","locations":[{"start":{"line":96,"column":16},"end":{"line":98,"column":17}},{"start":{},"end":{}}],"line":96},"5":{"loc":{"start":{"line":102,"column":12},"end":{"line":106,"column":13}},"type":"if","locations":[{"start":{"line":102,"column":12},"end":{"line":106,"column":13}},{"start":{},"end":{}}],"line":102},"6":{"loc":{"start":{"line":103,"column":16},"end":{"line":105,"column":17}},"type":"if","locations":[{"start":{"line":103,"column":16},"end":{"line":105,"column":17}},{"start":{},"end":{}}],"line":103},"7":{"loc":{"start":{"line":134,"column":12},"end":{"line":141,"column":13}},"type":"if","locations":[{"start":{"line":134,"column":12},"end":{"line":141,"column":13}},{"start":{},"end":{}}],"line":134},"8":{"loc":{"start":{"line":135,"column":16},"end":{"line":140,"column":17}},"type":"if","locations":[{"start":{"line":135,"column":16},"end":{"line":140,"column":17}},{"start":{"line":138,"column":23},"end":{"line":140,"column":17}}],"line":135},"9":{"loc":{"start":{"line":136,"column":20},"end":{"line":136,"column":75}},"type":"if","locations":[{"start":{"line":136,"column":20},"end":{"line":136,"column":75}},{"start":{},"end":{}}],"line":136}},"s":{"0":0,"1":0,"2":0,"3":0,"4":0,"5":0,"6":0,"7":0,"8":0,"9":0,"10":0,"11":0,"12":0,"13":0,"14":0,"15":0,"16":0,"17":0,"18":0,"19":0,"20":0,"21":0,"22":0,"23":0,"24":0,"25":0,"26":0,"27":0,"28":0,"29":0,"30":0,"31":0,"32":0,"33":0,"34":0,"35":0,"36":0,"37":0,"38":0,"39":0,"40":0,"41":0,"42":0,"43":0,"44":0},"f":{"0":0,"1":0,"2":0,"3":0,"4":0,"5":0,"6":0,"7":0,"8":0},"b":{"0":[0],"1":[0,0],"2":[0,0],"3":[0,0],"4":[0,0],"5":[0,0],"6":[0,0],"7":[0,0],"8":[0,0],"9":[0,0]},"all":true},"/Users/ryanoates/mcp-projects/server/src/services/core/index.ts":{"path":"/Users/ryanoates/mcp-projects/server/src/services/core/index.ts","statementMap":{"0":{"start":{"line":4,"column":32},"end":{"line":15,"column":1}},"1":{"start":{"line":6,"column":2},"end":{"line":14,"column":5}},"2":{"start":{"line":7,"column":4},"end":{"line":13,"column":5}},"3":{"start":{"line":8,"column":26},"end":{"line":8,"column":34}},"4":{"start":{"line":9,"column":21},"end":{"line":9,"column":50}},"5":{"start":{"line":10,"column":6},"end":{"line":10,"column":23}},"6":{"start":{"line":12,"column":6},"end":{"line":12,"column":66}}},"fnMap":{"0":{"name":"(anonymous_0)","decl":{"start":{"line":4,"column":32},"end":{"line":4,"column":33}},"loc":{"start":{"line":4,"column":56},"end":{"line":15,"column":1}},"line":4},"1":{"name":"(anonymous_1)","decl":{"start":{"line":6,"column":32},"end":{"line":6,"column":33}},"loc":{"start":{"line":6,"column":71},"end":{"line":14,"column":3}},"line":6}},"branchMap":{},"s":{"0":0,"1":0,"2":0,"3":0,"4":0,"5":0,"6":0},"f":{"0":0,"1":0},"b":{},"all":true},"/Users/ryanoates/mcp-projects/server/src/services/core/server.ts":{"path":"/Users/ryanoates/mcp-projects/server/src/services/core/server.ts","statementMap":{"0":{"start":{"line":4,"column":18},"end":{"line":4,"column":33}},"1":{"start":{"line":21,"column":4},"end":{"line":24,"column":6}},"2":{"start":{"line":29,"column":24},"end":{"line":29,"column":45}},"3":{"start":{"line":30,"column":4},"end":{"line":32,"column":5}},"4":{"start":{"line":31,"column":6},"end":{"line":31,"column":65}},"5":{"start":{"line":34,"column":4},"end":{"line":55,"column":5}},"6":{"start":{"line":36,"column":33},"end":{"line":41,"column":8}},"7":{"start":{"line":39,"column":10},"end":{"line":39,"column":106}},"8":{"start":{"line":39,"column":27},"end":{"line":39,"column":75}},"9":{"start":{"line":43,"column":6},"end":{"line":47,"column":8}},"10":{"start":{"line":49,"column":6},"end":{"line":49,"column":56}},"11":{"start":{"line":50,"column":6},"end":{"line":54,"column":8}},"12":{"start":{"line":63,"column":4},"end":{"line":67,"column":6}},"13":{"start":{"line":71,"column":22},"end":{"line":71,"column":38}}},"fnMap":{"0":{"name":"(anonymous_0)","decl":{"start":{"line":20,"column":2},"end":{"line":20,"column":3}},"loc":{"start":{"line":20,"column":16},"end":{"line":25,"column":3}},"line":20},"1":{"name":"(anonymous_1)","decl":{"start":{"line":27,"column":2},"end":{"line":27,"column":3}},"loc":{"start":{"line":27,"column":57},"end":{"line":56,"column":3}},"line":27},"2":{"name":"(anonymous_2)","decl":{"start":{"line":38,"column":27},"end":{"line":38,"column":28}},"loc":{"start":{"line":39,"column":10},"end":{"line":39,"column":106}},"line":39},"3":{"name":"(anonymous_3)","decl":{"start":{"line":39,"column":21},"end":{"line":39,"column":22}},"loc":{"start":{"line":39,"column":27},"end":{"line":39,"column":75}},"line":39},"4":{"name":"(anonymous_4)","decl":{"start":{"line":58,"column":2},"end":{"line":58,"column":3}},"loc":{"start":{"line":62,"column":5},"end":{"line":68,"column":3}},"line":62}},"branchMap":{"0":{"loc":{"start":{"line":22,"column":33},"end":{"line":22,"column":74}},"type":"binary-expr","locations":[{"start":{"line":22,"column":33},"end":{"line":22,"column":63}},{"start":{"line":22,"column":67},"end":{"line":22,"column":74}}],"line":22},"1":{"loc":{"start":{"line":23,"column":24},"end":{"line":23,"column":69}},"type":"binary-expr","locations":[{"start":{"line":23,"column":24},"end":{"line":23,"column":52}},{"start":{"line":23,"column":56},"end":{"line":23,"column":69}}],"line":23},"2":{"loc":{"start":{"line":30,"column":4},"end":{"line":32,"column":5}},"type":"if","locations":[{"start":{"line":30,"column":4},"end":{"line":32,"column":5}},{"start":{},"end":{}}],"line":30},"3":{"loc":{"start":{"line":52,"column":16},"end":{"line":52,"column":57}},"type":"binary-expr","locations":[{"start":{"line":52,"column":16},"end":{"line":52,"column":29}},{"start":{"line":52,"column":33},"end":{"line":52,"column":57}}],"line":52},"4":{"loc":{"start":{"line":53,"column":18},"end":{"line":53,"column":33}},"type":"binary-expr","locations":[{"start":{"line":53,"column":18},"end":{"line":53,"column":28}},{"start":{"line":53,"column":32},"end":{"line":53,"column":33}}],"line":53}},"s":{"0":0,"1":0,"2":0,"3":0,"4":0,"5":0,"6":0,"7":0,"8":0,"9":0,"10":0,"11":0,"12":0,"13":0},"f":{"0":0,"1":0,"2":0,"3":0,"4":0},"b":{"0":[0,0],"1":[0,0],"2":[0,0],"3":[0,0],"4":[0,0]},"all":true},"/Users/ryanoates/mcp-projects/server/src/services/error/ai_error_manager.js":{"path":"/Users/ryanoates/mcp-projects/server/src/services/error/ai_error_manager.js","statementMap":{"0":{"start":{"line":1,"column":11},"end":{"line":1,"column":33}},"1":{"start":{"line":2,"column":13},"end":{"line":2,"column":28}},"2":{"start":{"line":3,"column":45},"end":{"line":3,"column":63}},"3":{"start":{"line":4,"column":0},"end":{"line":4,"column":37}},"4":{"start":{"line":8,"column":8},"end":{"line":12,"column":10}},"5":{"start":{"line":14,"column":8},"end":{"line":14,"column":41}},"6":{"start":{"line":15,"column":8},"end":{"line":15,"column":39}},"7":{"start":{"line":20,"column":23},"end":{"line":20,"column":47}},"8":{"start":{"line":21,"column":8},"end":{"line":21,"column":67}},"9":{"start":{"line":23,"column":8},"end":{"line":58,"column":11}},"10":{"start":{"line":62,"column":25},"end":{"line":62,"column":51}},"11":{"start":{"line":63,"column":26},"end":{"line":63,"column":50}},"12":{"start":{"line":65,"column":8},"end":{"line":67,"column":9}},"13":{"start":{"line":66,"column":12},"end":{"line":66,"column":49}},"14":{"start":{"line":69,"column":27},"end":{"line":75,"column":9}},"15":{"start":{"line":77,"column":8},"end":{"line":77,"column":58}},"16":{"start":{"line":80,"column":8},"end":{"line":84,"column":11}},"17":{"start":{"line":86,"column":8},"end":{"line":86,"column":26}},"18":{"start":{"line":90,"column":30},"end":{"line":90,"column":32}},"19":{"start":{"line":92,"column":8},"end":{"line":126,"column":9}},"20":{"start":{"line":93,"column":42},"end":{"line":93,"column":61}},"21":{"start":{"line":95,"column":35},"end":{"line":106,"column":13}},"22":{"start":{"line":108,"column":12},"end":{"line":125,"column":13}},"23":{"start":{"line":109,"column":31},"end":{"line":109,"column":43}},"24":{"start":{"line":110,"column":33},"end":{"line":114,"column":18}},"25":{"start":{"line":116,"column":16},"end":{"line":119,"column":18}},"26":{"start":{"line":121,"column":16},"end":{"line":124,"column":19}},"27":{"start":{"line":128,"column":8},"end":{"line":128,"column":29}},"28":{"start":{"line":132,"column":30},"end":{"line":132,"column":63}},"29":{"start":{"line":134,"column":27},"end":{"line":137,"column":9}},"30":{"start":{"line":139,"column":23},"end":{"line":143,"column":9}},"31":{"start":{"line":145,"column":8},"end":{"line":145,"column":72}},"32":{"start":{"line":147,"column":8},"end":{"line":147,"column":22}},"33":{"start":{"line":151,"column":22},"end":{"line":151,"column":24}},"34":{"start":{"line":152,"column":8},"end":{"line":160,"column":9}},"35":{"start":{"line":153,"column":35},"end":{"line":154,"column":66}},"36":{"start":{"line":154,"column":35},"end":{"line":154,"column":65}},"37":{"start":{"line":156,"column":12},"end":{"line":159,"column":14}},"38":{"start":{"line":157,"column":72},"end":{"line":157,"column":91}},"39":{"start":{"line":158,"column":72},"end":{"line":158,"column":89}},"40":{"start":{"line":161,"column":8},"end":{"line":161,"column":21}},"41":{"start":{"line":165,"column":27},"end":{"line":165,"column":37}},"42":{"start":{"line":166,"column":8},"end":{"line":166,"column":65}},"43":{"start":{"line":168,"column":8},"end":{"line":174,"column":9}},"44":{"start":{"line":169,"column":35},"end":{"line":171,"column":13}},"45":{"start":{"line":170,"column":16},"end":{"line":170,"column":54}},"46":{"start":{"line":173,"column":12},"end":{"line":173,"column":61}},"47":{"start":{"line":178,"column":0},"end":{"line":178,"column":32}}},"fnMap":{"0":{"name":"(anonymous_0)","decl":{"start":{"line":7,"column":4},"end":{"line":7,"column":5}},"loc":{"start":{"line":7,"column":29},"end":{"line":16,"column":5}},"line":7},"1":{"name":"(anonymous_1)","decl":{"start":{"line":18,"column":4},"end":{"line":18,"column":5}},"loc":{"start":{"line":18,"column":18},"end":{"line":59,"column":5}},"line":18},"2":{"name":"(anonymous_2)","decl":{"start":{"line":61,"column":4},"end":{"line":61,"column":5}},"loc":{"start":{"line":61,"column":48},"end":{"line":87,"column":5}},"line":61},"3":{"name":"(anonymous_3)","decl":{"start":{"line":89,"column":4},"end":{"line":89,"column":5}},"loc":{"start":{"line":89,"column":33},"end":{"line":129,"column":5}},"line":89},"4":{"name":"(anonymous_4)","decl":{"start":{"line":131,"column":4},"end":{"line":131,"column":5}},"loc":{"start":{"line":131,"column":45},"end":{"line":148,"column":5}},"line":131},"5":{"name":"(anonymous_5)","decl":{"start":{"line":150,"column":4},"end":{"line":150,"column":5}},"loc":{"start":{"line":150,"column":28},"end":{"line":162,"column":5}},"line":150},"6":{"name":"(anonymous_6)","decl":{"start":{"line":154,"column":24},"end":{"line":154,"column":25}},"loc":{"start":{"line":154,"column":35},"end":{"line":154,"column":65}},"line":154},"7":{"name":"(anonymous_7)","decl":{"start":{"line":157,"column":51},"end":{"line":157,"column":52}},"loc":{"start":{"line":157,"column":72},"end":{"line":157,"column":91}},"line":157},"8":{"name":"(anonymous_8)","decl":{"start":{"line":158,"column":61},"end":{"line":158,"column":62}},"loc":{"start":{"line":158,"column":72},"end":{"line":158,"column":89}},"line":158},"9":{"name":"(anonymous_9)","decl":{"start":{"line":164,"column":4},"end":{"line":164,"column":5}},"loc":{"start":{"line":164,"column":45},"end":{"line":175,"column":5}},"line":164},"10":{"name":"(anonymous_10)","decl":{"start":{"line":169,"column":49},"end":{"line":169,"column":50}},"loc":{"start":{"line":170,"column":16},"end":{"line":170,"column":54}},"line":170}},"branchMap":{"0":{"loc":{"start":{"line":7,"column":16},"end":{"line":7,"column":27}},"type":"default-arg","locations":[{"start":{"line":7,"column":25},"end":{"line":7,"column":27}}],"line":7},"1":{"loc":{"start":{"line":9,"column":26},"end":{"line":9,"column":81}},"type":"binary-expr","locations":[{"start":{"line":9,"column":26},"end":{"line":9,"column":45}},{"start":{"line":9,"column":49},"end":{"line":9,"column":81}}],"line":9},"2":{"loc":{"start":{"line":10,"column":23},"end":{"line":10,"column":76}},"type":"binary-expr","locations":[{"start":{"line":10,"column":23},"end":{"line":10,"column":39}},{"start":{"line":10,"column":43},"end":{"line":10,"column":76}}],"line":10},"3":{"loc":{"start":{"line":11,"column":22},"end":{"line":11,"column":47}},"type":"binary-expr","locations":[{"start":{"line":11,"column":22},"end":{"line":11,"column":37}},{"start":{"line":11,"column":41},"end":{"line":11,"column":47}}],"line":11},"4":{"loc":{"start":{"line":65,"column":8},"end":{"line":67,"column":9}},"type":"if","locations":[{"start":{"line":65,"column":8},"end":{"line":67,"column":9}},{"start":{},"end":{}}],"line":65},"5":{"loc":{"start":{"line":164,"column":25},"end":{"line":164,"column":43}},"type":"default-arg","locations":[{"start":{"line":164,"column":41},"end":{"line":164,"column":43}}],"line":164}},"s":{"0":0,"1":0,"2":0,"3":0,"4":0,"5":0,"6":0,"7":0,"8":0,"9":0,"10":0,"11":0,"12":0,"13":0,"14":0,"15":0,"16":0,"17":0,"18":0,"19":0,"20":0,"21":0,"22":0,"23":0,"24":0,"25":0,"26":0,"27":0,"28":0,"29":0,"30":0,"31":0,"32":0,"33":0,"34":0,"35":0,"36":0,"37":0,"38":0,"39":0,"40":0,"41":0,"42":0,"43":0,"44":0,"45":0,"46":0,"47":0},"f":{"0":0,"1":0,"2":0,"3":0,"4":0,"5":0,"6":0,"7":0,"8":0,"9":0,"10":0},"b":{"0":[0],"1":[0,0],"2":[0,0],"3":[0,0],"4":[0,0],"5":[0]},"all":true},"/Users/ryanoates/mcp-projects/server/src/services/ide/index.ts":{"path":"/Users/ryanoates/mcp-projects/server/src/services/ide/index.ts","statementMap":{"0":{"start":{"line":4,"column":31},"end":{"line":15,"column":1}},"1":{"start":{"line":6,"column":2},"end":{"line":14,"column":5}},"2":{"start":{"line":7,"column":4},"end":{"line":13,"column":5}},"3":{"start":{"line":8,"column":34},"end":{"line":8,"column":42}},"4":{"start":{"line":9,"column":21},"end":{"line":9,"column":65}},"5":{"start":{"line":10,"column":6},"end":{"line":10,"column":23}},"6":{"start":{"line":12,"column":6},"end":{"line":12,"column":70}}},"fnMap":{"0":{"name":"(anonymous_0)","decl":{"start":{"line":4,"column":31},"end":{"line":4,"column":32}},"loc":{"start":{"line":4,"column":55},"end":{"line":15,"column":1}},"line":4},"1":{"name":"(anonymous_1)","decl":{"start":{"line":6,"column":31},"end":{"line":6,"column":32}},"loc":{"start":{"line":6,"column":70},"end":{"line":14,"column":3}},"line":6}},"branchMap":{},"s":{"0":0,"1":0,"2":0,"3":0,"4":0,"5":0,"6":0},"f":{"0":0,"1":0},"b":{},"all":true},"/Users/ryanoates/mcp-projects/server/src/services/ide/plugin.ts":{"path":"/Users/ryanoates/mcp-projects/server/src/services/ide/plugin.ts","statementMap":{"0":{"start":{"line":18,"column":30},"end":{"line":18,"column":80}},"1":{"start":{"line":21,"column":4},"end":{"line":44,"column":5}},"2":{"start":{"line":22,"column":6},"end":{"line":24,"column":7}},"3":{"start":{"line":23,"column":8},"end":{"line":23,"column":68}},"4":{"start":{"line":26,"column":6},"end":{"line":37,"column":7}},"5":{"start":{"line":28,"column":10},"end":{"line":28,"column":47}},"6":{"start":{"line":30,"column":10},"end":{"line":30,"column":53}},"7":{"start":{"line":32,"column":10},"end":{"line":32,"column":49}},"8":{"start":{"line":34,"column":10},"end":{"line":34,"column":52}},"9":{"start":{"line":36,"column":10},"end":{"line":36,"column":68}},"10":{"start":{"line":39,"column":6},"end":{"line":39,"column":60}},"11":{"start":{"line":40,"column":6},"end":{"line":43,"column":8}},"12":{"start":{"line":48,"column":4},"end":{"line":50,"column":5}},"13":{"start":{"line":49,"column":6},"end":{"line":49,"column":77}},"14":{"start":{"line":53,"column":4},"end":{"line":59,"column":6}},"15":{"start":{"line":63,"column":4},"end":{"line":65,"column":5}},"16":{"start":{"line":64,"column":6},"end":{"line":64,"column":70}},"17":{"start":{"line":68,"column":4},"end":{"line":74,"column":6}},"18":{"start":{"line":78,"column":4},"end":{"line":80,"column":5}},"19":{"start":{"line":79,"column":6},"end":{"line":79,"column":67}},"20":{"start":{"line":83,"column":4},"end":{"line":89,"column":6}},"21":{"start":{"line":93,"column":4},"end":{"line":95,"column":5}},"22":{"start":{"line":94,"column":6},"end":{"line":94,"column":68}},"23":{"start":{"line":98,"column":4},"end":{"line":104,"column":6}},"24":{"start":{"line":108,"column":22},"end":{"line":108,"column":37}}},"fnMap":{"0":{"name":"(anonymous_0)","decl":{"start":{"line":20,"column":2},"end":{"line":20,"column":3}},"loc":{"start":{"line":20,"column":84},"end":{"line":45,"column":3}},"line":20},"1":{"name":"(anonymous_1)","decl":{"start":{"line":47,"column":2},"end":{"line":47,"column":3}},"loc":{"start":{"line":47,"column":71},"end":{"line":60,"column":3}},"line":47},"2":{"name":"(anonymous_2)","decl":{"start":{"line":62,"column":2},"end":{"line":62,"column":3}},"loc":{"start":{"line":62,"column":77},"end":{"line":75,"column":3}},"line":62},"3":{"name":"(anonymous_3)","decl":{"start":{"line":77,"column":2},"end":{"line":77,"column":3}},"loc":{"start":{"line":77,"column":73},"end":{"line":90,"column":3}},"line":77},"4":{"name":"(anonymous_4)","decl":{"start":{"line":92,"column":2},"end":{"line":92,"column":3}},"loc":{"start":{"line":92,"column":76},"end":{"line":105,"column":3}},"line":92}},"branchMap":{"0":{"loc":{"start":{"line":22,"column":6},"end":{"line":24,"column":7}},"type":"if","locations":[{"start":{"line":22,"column":6},"end":{"line":24,"column":7}},{"start":{},"end":{}}],"line":22},"1":{"loc":{"start":{"line":26,"column":6},"end":{"line":37,"column":7}},"type":"switch","locations":[{"start":{"line":27,"column":8},"end":{"line":28,"column":47}},{"start":{"line":29,"column":8},"end":{"line":30,"column":53}},{"start":{"line":31,"column":8},"end":{"line":32,"column":49}},{"start":{"line":33,"column":8},"end":{"line":34,"column":52}},{"start":{"line":35,"column":8},"end":{"line":36,"column":68}}],"line":26},"2":{"loc":{"start":{"line":42,"column":15},"end":{"line":42,"column":56}},"type":"binary-expr","locations":[{"start":{"line":42,"column":15},"end":{"line":42,"column":28}},{"start":{"line":42,"column":32},"end":{"line":42,"column":56}}],"line":42},"3":{"loc":{"start":{"line":48,"column":4},"end":{"line":50,"column":5}},"type":"if","locations":[{"start":{"line":48,"column":4},"end":{"line":50,"column":5}},{"start":{},"end":{}}],"line":48},"4":{"loc":{"start":{"line":48,"column":8},"end":{"line":48,"column":41}},"type":"binary-expr","locations":[{"start":{"line":48,"column":8},"end":{"line":48,"column":22}},{"start":{"line":48,"column":26},"end":{"line":48,"column":41}}],"line":48},"5":{"loc":{"start":{"line":63,"column":4},"end":{"line":65,"column":5}},"type":"if","locations":[{"start":{"line":63,"column":4},"end":{"line":65,"column":5}},{"start":{},"end":{}}],"line":63},"6":{"loc":{"start":{"line":78,"column":4},"end":{"line":80,"column":5}},"type":"if","locations":[{"start":{"line":78,"column":4},"end":{"line":80,"column":5}},{"start":{},"end":{}}],"line":78},"7":{"loc":{"start":{"line":93,"column":4},"end":{"line":95,"column":5}},"type":"if","locations":[{"start":{"line":93,"column":4},"end":{"line":95,"column":5}},{"start":{},"end":{}}],"line":93}},"s":{"0":0,"1":0,"2":0,"3":0,"4":0,"5":0,"6":0,"7":0,"8":0,"9":0,"10":0,"11":0,"12":0,"13":0,"14":0,"15":0,"16":0,"17":0,"18":0,"19":0,"20":0,"21":0,"22":0,"23":0,"24":0},"f":{"0":0,"1":0,"2":0,"3":0,"4":0},"b":{"0":[0,0],"1":[0,0,0,0,0],"2":[0,0],"3":[0,0],"4":[0,0],"5":[0,0],"6":[0,0],"7":[0,0]},"all":true},"/Users/ryanoates/mcp-projects/server/src/services/ml/index.ts":{"path":"/Users/ryanoates/mcp-projects/server/src/services/ml/index.ts","statementMap":{"0":{"start":{"line":4,"column":25},"end":{"line":4,"column":47}},"1":{"start":{"line":6,"column":30},"end":{"line":17,"column":1}},"2":{"start":{"line":8,"column":2},"end":{"line":16,"column":5}},"3":{"start":{"line":9,"column":4},"end":{"line":15,"column":5}},"4":{"start":{"line":10,"column":31},"end":{"line":10,"column":39}},"5":{"start":{"line":11,"column":21},"end":{"line":11,"column":79}},"6":{"start":{"line":12,"column":6},"end":{"line":12,"column":23}},"7":{"start":{"line":14,"column":6},"end":{"line":14,"column":59}}},"fnMap":{"0":{"name":"(anonymous_0)","decl":{"start":{"line":6,"column":30},"end":{"line":6,"column":31}},"loc":{"start":{"line":6,"column":54},"end":{"line":17,"column":1}},"line":6},"1":{"name":"(anonymous_1)","decl":{"start":{"line":8,"column":30},"end":{"line":8,"column":31}},"loc":{"start":{"line":8,"column":69},"end":{"line":16,"column":3}},"line":8}},"branchMap":{},"s":{"0":0,"1":0,"2":0,"3":0,"4":0,"5":0,"6":0,"7":0},"f":{"0":0,"1":0},"b":{},"all":true},"/Users/ryanoates/mcp-projects/server/src/services/ml/provider-selector.ts":{"path":"/Users/ryanoates/mcp-projects/server/src/services/ml/provider-selector.ts","statementMap":{"0":{"start":{"line":11,"column":52},"end":{"line":15,"column":5}},"1":{"start":{"line":18,"column":25},"end":{"line":18,"column":53}},"2":{"start":{"line":19,"column":8},"end":{"line":21,"column":9}},"3":{"start":{"line":20,"column":12},"end":{"line":20,"column":66}},"4":{"start":{"line":22,"column":8},"end":{"line":22,"column":24}},"5":{"start":{"line":30,"column":25},"end":{"line":30,"column":55}},"6":{"start":{"line":31,"column":8},"end":{"line":31,"column":48}}},"fnMap":{"0":{"name":"(anonymous_0)","decl":{"start":{"line":17,"column":4},"end":{"line":17,"column":5}},"loc":{"start":{"line":17,"column":50},"end":{"line":23,"column":5}},"line":17},"1":{"name":"(anonymous_1)","decl":{"start":{"line":25,"column":4},"end":{"line":25,"column":5}},"loc":{"start":{"line":29,"column":23},"end":{"line":32,"column":5}},"line":29}},"branchMap":{"0":{"loc":{"start":{"line":19,"column":8},"end":{"line":21,"column":9}},"type":"if","locations":[{"start":{"line":19,"column":8},"end":{"line":21,"column":9}},{"start":{},"end":{}}],"line":19}},"s":{"0":0,"1":0,"2":0,"3":0,"4":0,"5":0,"6":0},"f":{"0":0,"1":0},"b":{"0":[0,0]},"all":true},"/Users/ryanoates/mcp-projects/server/src/services/ml/providers/anthropic.ts":{"path":"/Users/ryanoates/mcp-projects/server/src/services/ml/providers/anthropic.ts","statementMap":{"0":{"start":{"line":6,"column":27},"end":{"line":6,"column":108}},"1":{"start":{"line":9,"column":4},"end":{"line":11,"column":7}},"2":{"start":{"line":15,"column":4},"end":{"line":30,"column":5}},"3":{"start":{"line":16,"column":20},"end":{"line":16,"column":61}},"4":{"start":{"line":17,"column":6},"end":{"line":19,"column":7}},"5":{"start":{"line":18,"column":8},"end":{"line":18,"column":78}},"6":{"start":{"line":22,"column":23},"end":{"line":24,"column":7}},"7":{"start":{"line":26,"column":6},"end":{"line":26,"column":38}},"8":{"start":{"line":28,"column":6},"end":{"line":28,"column":59}},"9":{"start":{"line":29,"column":6},"end":{"line":29,"column":70}}},"fnMap":{"0":{"name":"(anonymous_0)","decl":{"start":{"line":8,"column":2},"end":{"line":8,"column":3}},"loc":{"start":{"line":8,"column":16},"end":{"line":12,"column":3}},"line":8},"1":{"name":"(anonymous_1)","decl":{"start":{"line":14,"column":2},"end":{"line":14,"column":3}},"loc":{"start":{"line":14,"column":78},"end":{"line":31,"column":3}},"line":14}},"branchMap":{"0":{"loc":{"start":{"line":16,"column":20},"end":{"line":16,"column":61}},"type":"binary-expr","locations":[{"start":{"line":16,"column":20},"end":{"line":16,"column":34}},{"start":{"line":16,"column":38},"end":{"line":16,"column":61}}],"line":16},"1":{"loc":{"start":{"line":17,"column":6},"end":{"line":19,"column":7}},"type":"if","locations":[{"start":{"line":17,"column":6},"end":{"line":19,"column":7}},{"start":{},"end":{}}],"line":17}},"s":{"0":0,"1":0,"2":0,"3":0,"4":0,"5":0,"6":0,"7":0,"8":0,"9":0},"f":{"0":0,"1":0},"b":{"0":[0,0],"1":[0,0]},"all":true},"/Users/ryanoates/mcp-projects/server/src/services/ml/providers/google.ts":{"path":"/Users/ryanoates/mcp-projects/server/src/services/ml/providers/google.ts","statementMap":{"0":{"start":{"line":4,"column":22},"end":{"line":4,"column":52}},"1":{"start":{"line":12,"column":8},"end":{"line":12,"column":54}}},"fnMap":{"0":{"name":"(anonymous_0)","decl":{"start":{"line":6,"column":4},"end":{"line":6,"column":5}},"loc":{"start":{"line":6,"column":18},"end":{"line":8,"column":5}},"line":6},"1":{"name":"(anonymous_1)","decl":{"start":{"line":10,"column":4},"end":{"line":10,"column":5}},"loc":{"start":{"line":10,"column":80},"end":{"line":13,"column":5}},"line":10}},"branchMap":{},"s":{"0":0,"1":0},"f":{"0":0,"1":0},"b":{},"all":true},"/Users/ryanoates/mcp-projects/server/src/services/ml/providers/openai.ts":{"path":"/Users/ryanoates/mcp-projects/server/src/services/ml/providers/openai.ts","statementMap":{"0":{"start":{"line":4,"column":22},"end":{"line":4,"column":48}},"1":{"start":{"line":12,"column":8},"end":{"line":12,"column":54}}},"fnMap":{"0":{"name":"(anonymous_0)","decl":{"start":{"line":6,"column":4},"end":{"line":6,"column":5}},"loc":{"start":{"line":6,"column":18},"end":{"line":8,"column":5}},"line":6},"1":{"name":"(anonymous_1)","decl":{"start":{"line":10,"column":4},"end":{"line":10,"column":5}},"loc":{"start":{"line":10,"column":80},"end":{"line":13,"column":5}},"line":10}},"branchMap":{},"s":{"0":0,"1":0},"f":{"0":0,"1":0},"b":{},"all":true},"/Users/ryanoates/mcp-projects/server/src/tools/ai/ai_tool.js":{"path":"/Users/ryanoates/mcp-projects/server/src/tools/ai/ai_tool.js","statementMap":{"0":{"start":{"line":1,"column":15},"end":{"line":1,"column":32}},"1":{"start":{"line":2,"column":18},"end":{"line":2,"column":46}},"2":{"start":{"line":7,"column":8},"end":{"line":11,"column":11}},"3":{"start":{"line":14,"column":8},"end":{"line":14,"column":37}},"4":{"start":{"line":16,"column":8},"end":{"line":19,"column":9}},"5":{"start":{"line":17,"column":12},"end":{"line":17,"column":77}},"6":{"start":{"line":18,"column":12},"end":{"line":18,"column":51}},"7":{"start":{"line":21,"column":8},"end":{"line":24,"column":9}},"8":{"start":{"line":22,"column":12},"end":{"line":22,"column":86}},"9":{"start":{"line":23,"column":12},"end":{"line":23,"column":54}},"10":{"start":{"line":26,"column":8},"end":{"line":31,"column":9}},"11":{"start":{"line":27,"column":12},"end":{"line":29,"column":14}},"12":{"start":{"line":28,"column":46},"end":{"line":28,"column":87}},"13":{"start":{"line":30,"column":12},"end":{"line":30,"column":51}},"14":{"start":{"line":33,"column":8},"end":{"line":35,"column":9}},"15":{"start":{"line":34,"column":12},"end":{"line":34,"column":79}},"16":{"start":{"line":39,"column":8},"end":{"line":41,"column":9}},"17":{"start":{"line":40,"column":12},"end":{"line":40,"column":69}},"18":{"start":{"line":44,"column":8},"end":{"line":49,"column":9}},"19":{"start":{"line":45,"column":12},"end":{"line":48,"column":14}},"20":{"start":{"line":52,"column":8},"end":{"line":58,"column":10}},"21":{"start":{"line":62,"column":8},"end":{"line":62,"column":84}},"22":{"start":{"line":66,"column":8},"end":{"line":66,"column":102}},"23":{"start":{"line":70,"column":8},"end":{"line":73,"column":11}},"24":{"start":{"line":77,"column":25},"end":{"line":77,"column":74}},"25":{"start":{"line":78,"column":8},"end":{"line":86,"column":9}},"26":{"start":{"line":79,"column":29},"end":{"line":82,"column":13}},"27":{"start":{"line":83,"column":12},"end":{"line":83,"column":53}},"28":{"start":{"line":85,"column":12},"end":{"line":85,"column":70}},"29":{"start":{"line":90,"column":0},"end":{"line":90,"column":24}}},"fnMap":{"0":{"name":"(anonymous_0)","decl":{"start":{"line":5,"column":4},"end":{"line":5,"column":5}},"loc":{"start":{"line":5,"column":29},"end":{"line":36,"column":5}},"line":5},"1":{"name":"(anonymous_1)","decl":{"start":{"line":28,"column":25},"end":{"line":28,"column":26}},"loc":{"start":{"line":28,"column":46},"end":{"line":28,"column":87}},"line":28},"2":{"name":"(anonymous_2)","decl":{"start":{"line":38,"column":4},"end":{"line":38,"column":5}},"loc":{"start":{"line":38,"column":63},"end":{"line":59,"column":5}},"line":38},"3":{"name":"(anonymous_3)","decl":{"start":{"line":61,"column":4},"end":{"line":61,"column":5}},"loc":{"start":{"line":61,"column":56},"end":{"line":63,"column":5}},"line":61},"4":{"name":"(anonymous_4)","decl":{"start":{"line":65,"column":4},"end":{"line":65,"column":5}},"loc":{"start":{"line":65,"column":62},"end":{"line":67,"column":5}},"line":65},"5":{"name":"(anonymous_5)","decl":{"start":{"line":69,"column":4},"end":{"line":69,"column":5}},"loc":{"start":{"line":69,"column":61},"end":{"line":74,"column":5}},"line":69},"6":{"name":"(anonymous_6)","decl":{"start":{"line":76,"column":4},"end":{"line":76,"column":5}},"loc":{"start":{"line":76,"column":62},"end":{"line":87,"column":5}},"line":76}},"branchMap":{"0":{"loc":{"start":{"line":5,"column":16},"end":{"line":5,"column":27}},"type":"default-arg","locations":[{"start":{"line":5,"column":25},"end":{"line":5,"column":27}}],"line":5},"1":{"loc":{"start":{"line":16,"column":8},"end":{"line":19,"column":9}},"type":"if","locations":[{"start":{"line":16,"column":8},"end":{"line":19,"column":9}},{"start":{},"end":{}}],"line":16},"2":{"loc":{"start":{"line":21,"column":8},"end":{"line":24,"column":9}},"type":"if","locations":[{"start":{"line":21,"column":8},"end":{"line":24,"column":9}},{"start":{},"end":{}}],"line":21},"3":{"loc":{"start":{"line":26,"column":8},"end":{"line":31,"column":9}},"type":"if","locations":[{"start":{"line":26,"column":8},"end":{"line":31,"column":9}},{"start":{},"end":{}}],"line":26},"4":{"loc":{"start":{"line":33,"column":8},"end":{"line":35,"column":9}},"type":"if","locations":[{"start":{"line":33,"column":8},"end":{"line":35,"column":9}},{"start":{},"end":{}}],"line":33},"5":{"loc":{"start":{"line":38,"column":37},"end":{"line":38,"column":59}},"type":"default-arg","locations":[{"start":{"line":38,"column":48},"end":{"line":38,"column":59}}],"line":38},"6":{"loc":{"start":{"line":39,"column":8},"end":{"line":41,"column":9}},"type":"if","locations":[{"start":{"line":39,"column":8},"end":{"line":41,"column":9}},{"start":{},"end":{}}],"line":39},"7":{"loc":{"start":{"line":44,"column":8},"end":{"line":49,"column":9}},"type":"if","locations":[{"start":{"line":44,"column":8},"end":{"line":49,"column":9}},{"start":{},"end":{}}],"line":44},"8":{"loc":{"start":{"line":61,"column":30},"end":{"line":61,"column":52}},"type":"default-arg","locations":[{"start":{"line":61,"column":41},"end":{"line":61,"column":52}}],"line":61},"9":{"loc":{"start":{"line":65,"column":39},"end":{"line":65,"column":58}},"type":"default-arg","locations":[{"start":{"line":65,"column":50},"end":{"line":65,"column":58}}],"line":65},"10":{"loc":{"start":{"line":69,"column":38},"end":{"line":69,"column":57}},"type":"default-arg","locations":[{"start":{"line":69,"column":49},"end":{"line":69,"column":57}}],"line":69},"11":{"loc":{"start":{"line":76,"column":39},"end":{"line":76,"column":58}},"type":"default-arg","locations":[{"start":{"line":76,"column":50},"end":{"line":76,"column":58}}],"line":76}},"s":{"0":0,"1":0,"2":0,"3":0,"4":0,"5":0,"6":0,"7":0,"8":0,"9":0,"10":0,"11":0,"12":0,"13":0,"14":0,"15":0,"16":0,"17":0,"18":0,"19":0,"20":0,"21":0,"22":0,"23":0,"24":0,"25":0,"26":0,"27":0,"28":0,"29":0},"f":{"0":0,"1":0,"2":0,"3":0,"4":0,"5":0,"6":0},"b":{"0":[0],"1":[0,0],"2":[0,0],"3":[0,0],"4":[0,0],"5":[0],"6":[0,0],"7":[0,0],"8":[0],"9":[0],"10":[0],"11":[0]},"all":true},"/Users/ryanoates/mcp-projects/server/src/tools/code/code_intelligence_tool.js":{"path":"/Users/ryanoates/mcp-projects/server/src/tools/code/code_intelligence_tool.js","statementMap":{"0":{"start":{"line":1,"column":11},"end":{"line":1,"column":33}},"1":{"start":{"line":2,"column":13},"end":{"line":2,"column":28}},"2":{"start":{"line":6,"column":8},"end":{"line":6,"column":29}},"3":{"start":{"line":10,"column":8},"end":{"line":61,"column":9}},"4":{"start":{"line":11,"column":36},"end":{"line":15,"column":13}},"5":{"start":{"line":19,"column":32},"end":{"line":19,"column":82}},"6":{"start":{"line":21,"column":16},"end":{"line":30,"column":17}},"7":{"start":{"line":22,"column":37},"end":{"line":22,"column":67}},"8":{"start":{"line":24,"column":20},"end":{"line":29,"column":21}},"9":{"start":{"line":25,"column":24},"end":{"line":25,"column":67}},"10":{"start":{"line":26,"column":24},"end":{"line":26,"column":58}},"11":{"start":{"line":27,"column":27},"end":{"line":29,"column":21}},"12":{"start":{"line":28,"column":24},"end":{"line":28,"column":61}},"13":{"start":{"line":34,"column":12},"end":{"line":34,"column":49}},"14":{"s
[...]
{"0":{"start":{"line":1,"column":30},"end":{"line":1,"column":68}},"1":{"start":{"line":2,"column":31},"end":{"line":2,"column":77}},"2":{"start":{"line":6,"column":8},"end":{"line":6,"column":63}},"3":{"start":{"line":7,"column":8},"end":{"line":7,"column":73}},"4":{"start":{"line":8,"column":8},"end":{"line":12,"column":10}},"5":{"start":{"line":16,"column":8},"end":{"line":16,"column":63}},"6":{"start":{"line":17,"column":25},"end":{"line":17,"column":27}},"7":{"start":{"line":19,"column":8},"end":{"line":24,"column":9}},"8":{"start":{"line":20,"column":27},"end":{"line":20,"column":71}},"9":{"start":{"line":21,"column":12},"end":{"line":23,"column":13}},"10":{"start":{"line":22,"column":16},"end":{"line":22,"column":56}},"11":{"start":{"line":27,"column":35},"end":{"line":27,"column":100}},"12":{"start":{"line":27,"column":56},"end":{"line":27,"column":99}},"13":{"start":{"line":28,"column":30},"end":{"line":28,"column":90}},"14":{"start":{"line":28,"column":51},"end":{"line":28,"column":89}},"15":{"start":{"line":30,"column":8},"end":{"line":30,"column":49}},"16":{"start":{"line":31,"column":8},"end":{"line":31,"column":73}},"17":{"start":{"line":32,"column":8},"end":{"line":32,"column":63}},"18":{"start":{"line":34,"column":8},"end":{"line":34,"column":24}},"19":{"start":{"line":38,"column":8},"end":{"line":38,"column":64}},"20":{"start":{"line":39,"column":28},"end":{"line":39,"column":30}},"21":{"start":{"line":41,"column":8},"end":{"line":46,"column":9}},"22":{"start":{"line":42,"column":27},"end":{"line":42,"column":71}},"23":{"start":{"line":43,"column":12},"end":{"line":45,"column":13}},"24":{"start":{"line":44,"column":16},"end":{"line":44,"column":62}},"25":{"start":{"line":48,"column":8},"end":{"line":48,"column":45}},"26":{"start":{"line":49,"column":8},"end":{"line":54,"column":11}},"27":{"start":{"line":50,"column":12},"end":{"line":50,"column":52}},"28":{"start":{"line":51,"column":12},"end":{"line":53,"column":13}},"29":{"start":{"line":52,"column":16},"end":{"line":52,"column":60}},"30":{"start":{"line":56,"column":8},"end":{"line":56,"column":27}},"31":{"start":{"line":60,"column":8},"end":{"line":60,"column":68}},"32":{"start":{"line":61,"column":31},"end":{"line":61,"column":33}},"33":{"start":{"line":63,"column":8},"end":{"line":72,"column":9}},"34":{"start":{"line":64,"column":27},"end":{"line":64,"column":71}},"35":{"start":{"line":65,"column":12},"end":{"line":71,"column":13}},"36":{"start":{"line":66,"column":16},"end":{"line":70,"column":19}},"37":{"start":{"line":74,"column":8},"end":{"line":74,"column":46}},"38":{"start":{"line":75,"column":8},"end":{"line":83,"column":11}},"39":{"start":{"line":76,"column":12},"end":{"line":76,"column":59}},"40":{"start":{"line":77,"column":12},"end":{"line":77,"column":51}},"41":{"start":{"line":78,"column":12},"end":{"line":82,"column":15}},"42":{"start":{"line":79,"column":16},"end":{"line":81,"column":17}},"43":{"start":{"line":80,"column":20},"end":{"line":80,"column":55}},"44":{"start":{"line":85,"column":8},"end":{"line":85,"column":30}},"45":{"start":{"line":89,"column":8},"end":{"line":89,"column":56}},"46":{"start":{"line":90,"column":32},"end":{"line":94,"column":9}},"47":{"start":{"line":96,"column":8},"end":{"line":119,"column":9}},"48":{"start":{"line":97,"column":27},"end":{"line":97,"column":71}},"49":{"start":{"line":99,"column":12},"end":{"line":118,"column":13}},"50":{"start":{"line":101,"column":16},"end":{"line":103,"column":17}},"51":{"start":{"line":102,"column":20},"end":{"line":102,"column":76}},"52":{"start":{"line":106,"column":16},"end":{"line":108,"column":17}},"53":{"start":{"line":107,"column":20},"end":{"line":107,"column":82}},"54":{"start":{"line":111,"column":16},"end":{"line":117,"column":17}},"55":{"start":{"line":112,"column":20},"end":{"line":116,"column":23}},"56":{"start":{"line":121,"column":8},"end":{"line":121,"column":54}},"57":{"start":{"line":122,"column":8},"end":{"line":122,"column":79}},"58":{"start":{"line":123,"column":8},"end":{"line":123,"column":79}},"59":{"start":{"line":124,"column":8},"end":{"line":124,"column":76}},"60":{"start":{"line":126,"column":8},"end":{"line":126,"column":31}},"61":{"start":{"line":130,"column":8},"end":{"line":141,"column":9}},"62":{"start":{"line":132,"column":16},"end":{"line":132,"column":73}},"63":{"start":{"line":134,"column":16},"end":{"line":134,"column":72}},"64":{"start":{"line":136,"column":16},"end":{"line":136,"column":76}},"65":{"start":{"line":138,"column":16},"end":{"line":138,"column":65}},"66":{"start":{"line":140,"column":16},"end":{"line":140,"column":74}},"67":{"start":{"line":146,"column":8},"end":{"line":173,"column":10}},"68":{"start":{"line":177,"column":0},"end":{"line":177,"column":33}}},"fnMap":{"0":{"name":"(anonymous_0)","decl":{"start":{"line":5,"column":4},"end":{"line":5,"column":5}},"loc":{"start":{"line":5,"column":29},"end":{"line":13,"column":5}},"line":5},"1":{"name":"(anonymous_1)","decl":{"start":{"line":15,"column":4},"end":{"line":15,"column":5}},"loc":{"start":{"line":15,"column":49},"end":{"line":35,"column":5}},"line":15},"2":{"name":"(anonymous_2)","decl":{"start":{"line":27,"column":51},"end":{"line":27,"column":52}},"loc":{"start":{"line":27,"column":56},"end":{"line":27,"column":99}},"line":27},"3":{"name":"(anonymous_3)","decl":{"start":{"line":28,"column":46},"end":{"line":28,"column":47}},"loc":{"start":{"line":28,"column":51},"end":{"line":28,"column":89}},"line":28},"4":{"name":"(anonymous_4)","decl":{"start":{"line":37,"column":4},"end":{"line":37,"column":5}},"loc":{"start":{"line":37,"column":48},"end":{"line":57,"column":5}},"line":37},"5":{"name":"(anonymous_5)","decl":{"start":{"line":49,"column":28},"end":{"line":49,"column":29}},"loc":{"start":{"line":49,"column":42},"end":{"line":54,"column":9}},"line":49},"6":{"name":"(anonymous_6)","decl":{"start":{"line":59,"column":4},"end":{"line":59,"column":5}},"loc":{"start":{"line":59,"column":52},"end":{"line":86,"column":5}},"line":59},"7":{"name":"(anonymous_7)","decl":{"start":{"line":75,"column":31},"end":{"line":75,"column":32}},"loc":{"start":{"line":75,"column":40},"end":{"line":83,"column":9}},"line":75},"8":{"name":"(anonymous_8)","decl":{"start":{"line":78,"column":50},"end":{"line":78,"column":51}},"loc":{"start":{"line":78,"column":71},"end":{"line":82,"column":13}},"line":78},"9":{"name":"(anonymous_9)","decl":{"start":{"line":88,"column":4},"end":{"line":88,"column":5}},"loc":{"start":{"line":88,"column":41},"end":{"line":127,"column":5}},"line":88},"10":{"name":"(anonymous_10)","decl":{"start":{"line":129,"column":4},"end":{"line":129,"column":5}},"loc":{"start":{"line":129,"column":49},"end":{"line":142,"column":5}},"line":129},"11":{"name":"(anonymous_11)","decl":{"start":{"line":145,"column":4},"end":{"line":145,"column":5}},"loc":{"start":{"line":145,"column":31},"end":{"line":174,"column":5}},"line":145}},"branchMap":{"0":{"loc":{"start":{"line":5,"column":16},"end":{"line":5,"column":27}},"type":"default-arg","locations":[{"start":{"line":5,"column":25},"end":{"line":5,"column":27}}],"line":5},"1":{"loc":{"start":{"line":21,"column":12},"end":{"line":23,"column":13}},"type":"if","locations":[{"start":{"line":21,"column":12},"end":{"line":23,"column":13}},{"start":{},"end":{}}],"line":21},"2":{"loc":{"start":{"line":21,"column":16},"end":{"line":21,"column":55}},"type":"binary-expr","locations":[{"start":{"line":21,"column":16},"end":{"line":21,"column":30}},{"start":{"line":21,"column":34},"end":{"line":21,"column":55}}],"line":21},"3":{"loc":{"start":{"line":27,"column":56},"end":{"line":27,"column":99}},"type":"binary-expr","locations":[{"start":{"line":27,"column":56},"end":{"line":27,"column":64}},{"start":{"line":27,"column":68},"end":{"line":27,"column":99}}],"line":27},"4":{"loc":{"start":{"line":28,"column":51},"end":{"line":28,"column":89}},"type":"binary-expr","locations":[{"start":{"line":28,"column":51},"end":{"line":28,"column":59}},{"start":{"line":28,"column":63},"end":{"line":28,"column":89}}],"line":28},"5":{"loc":{"start":{"line":43,"column":12},"end":{"line":45,"column":13}},"type":"if","locations":[{"start":{"line":43,"column":12},"end":{"line":45,"column":13}},{"start":{},"end":{}}],"line":43},"6":{"loc":{"start":{"line":43,"column":16},"end":{"line":43,"column":58}},"type":"binary-expr","locations":[{"start":{"line":43,"column":16},"end":{"line":43,"column":30}},{"start":{"line":43,"column":34},"end":{"line":43,"column":58}}],"line":43},"7":{"loc":{"start":{"line":51,"column":12},"end":{"line":53,"column":13}},"type":"if","locations":[{"start":{"line":51,"column":12},"end":{"line":53,"column":13}},{"start":{},"end":{}}],"line":51},"8":{"loc":{"start":{"line":65,"column":12},"end":{"line":71,"column":13}},"type":"if","locations":[{"start":{"line":65,"column":12},"end":{"line":71,"column":13}},{"start":{},"end":{}}],"line":65},"9":{"loc":{"start":{"line":65,"column":16},"end":{"line":65,"column":54}},"type":"binary-expr","locations":[{"start":{"line":65,"column":16},"end":{"line":65,"column":30}},{"start":{"line":65,"column":34},"end":{"line":65,"column":54}}],"line":65},"10":{"loc":{"start":{"line":79,"column":16},"end":{"line":81,"column":17}},"type":"if","locations":[{"start":{"line":79,"column":16},"end":{"line":81,"column":17}},{"start":{},"end":{}}],"line":79},"11":{"loc":{"start":{"line":99,"column":12},"end":{"line":118,"column":13}},"type":"if","locations":[{"start":{"line":99,"column":12},"end":{"line":118,"column":13}},{"start":{},"end":{}}],"line":99},"12":{"loc":{"start":{"line":101,"column":16},"end":{"line":103,"column":17}},"type":"if","locations":[{"start":{"line":101,"column":16},"end":{"line":103,"column":17}},{"start":{},"end":{}}],"line":101},"13":{"loc":{"start":{"line":106,"column":16},"end":{"line":108,"column":17}},"type":"if","locations":[{"start":{"line":106,"column":16},"end":{"line":108,"column":17}},{"start":{},"end":{}}],"line":106},"14":{"loc":{"start":{"line":111,"column":16},"end":{"line":117,"column":17}},"type":"if","locations":[{"start":{"line":111,"column":16},"end":{"line":117,"column":17}},{"start":{},"end":{}}],"line":111},"15":{"loc":{"start":{"line":130,"column":8},"end":{"line":141,"column":9}},"type":"switch","locations":[{"start":{"line":131,"column":12},"end":{"line":132,"column":73}},{"start":{"line":133,"column":12},"end":{"line":134,"column":72}},{"start":{"line":135,"column":12},"end":{"line":136,"column":76}},{"start":{"line":137,"column":12},"end":{"line":138,"column":65}},{"start":{"line":139,"column":12},"end":{"line":140,"column":74}}],"line":130}},"s":{"0":0,"1":0,"2":0,"3":0,"4":0,"5":0,"6":0,"7":0,"8":0,"9":0,"10":0,"11":0,"12":0,"13":0,"14":0,"15":0,"16":0,"17":0,"18":0,"19":0,"20":0,"21":0,"22":0,"23":0,"24":0,"25":0,"26":0,"27":0,"28":0,"29":0,"30":0,"31":0,"32":0,"33":0,"34":0,"35":0,"36":0,"37":0,"38":0,"39":0,"40":0,"41":0,"42":0,"43":0,"44":0,"45":0,"46":0,"47":0,"48":0,"49":0,"50":0,"51":0,"52":0,"53":0,"54":0,"55":0,"56":0,"57":0,"58":0,"59":0,"60":0,"61":0,"62":0,"63":0,"64":0,"65":0,"66":0,"67":0,"68":0},"f":{"0":0,"1":0,"2":0,"3":0,"4":0,"5":0,"6":0,"7":0,"8":0,"9":0,"10":0,"11":0},"b":{"0":[0],"1":[0,0],"2":[0,0],"3":[0,0],"4":[0,0],"5":[0,0],"6":[0,0],"7":[0,0],"8":[0,0],"9":[0,0],"10":[0,0],"11":[0,0],"12":[0,0],"13":[0,0],"14":[0,0],"15":[0,0,0,0,0]},"all":true},"/Users/ryanoates/mcp-projects/server/src/tools/workflow/workflow_manager.test.js":{"path":"/Users/ryanoates/mcp-projects/server/src/tools/workflow/workflow_manager.test.js","statementMap":{"0":{"start":{"line":1,"column":24},"end":{"line":1,"column":53}},"1":{"start":{"line":2,"column":30},"end":{"line":2,"column":68}},"2":{"start":{"line":3,"column":31},"end":{"line":3,"column":77}},"3":{"start":{"line":5,"column":0},"end":{"line":5,"column":41}},"4":{"start":{"line":6,"column":0},"end":{"line":6,"column":49}},"5":{"start":{"line":8,"column":0},"end":{"line":173,"column":3}},"6":{"start":{"line":13,"column":4},"end":{"line":35,"column":7}},"7":{"start":{"line":15,"column":8},"end":{"line":15,"column":29}},"8":{"start":{"line":18,"column":8},"end":{"line":25,"column":10}},"9":{"start":{"line":27,"column":8},"end":{"line":29,"column":10}},"10":{"start":{"line":31,"column":8},"end":{"line":31,"column":74}},"11":{"start":{"line":31,"column":51},"end":{"line":31,"column":72}},"12":{"start":{"line":32,"column":8},"end":{"line":32,"column":84}},"13":{"start":{"line":32,"column":56},"end":{"line":32,"column":82}},"14":{"start":{"line":34,"column":8},"end":{"line":34,"column":48}},"15":{"start":{"line":37,"column":4},"end":{"line":71,"column":7}},"16":{"start":{"line":38,"column":8},"end":{"line":58,"column":11}},"17":{"start":{"line":39,"column":28},"end":{"line":39,"column":82}},"18":{"start":{"line":40,"column":33},"end":{"line":43,"column":13}},"19":{"start":{"line":45,"column":12},"end":{"line":52,"column":15}},"20":{"start":{"line":54,"column":27},"end":{"line":54,"column":87}},"21":{"start":{"line":56,"column":12},"end":{"line":56,"column":49}},"22":{"start":{"line":57,"column":12},"end":{"line":57,"column":88}},"23":{"start":{"line":60,"column":8},"end":{"line":70,"column":11}},"24":{"start":{"line":61,"column":28},"end":{"line":61,"column":82}},"25":{"start":{"line":62,"column":12},"end":{"line":65,"column":15}},"26":{"start":{"line":67,"column":27},"end":{"line":67,"column":87}},"27":{"start":{"line":69,"column":12},"end":{"line":69,"column":39}},"28":{"start":{"line":73,"column":4},"end":{"line":95,"column":7}},"29":{"start":{"line":74,"column":8},"end":{"line":94,"column":11}},"30":{"start":{"line":75,"column":28},"end":{"line":75,"column":81}},"31":{"start":{"line":76,"column":36},"end":{"line":79,"column":13}},"32":{"start":{"line":81,"column":12},"end":{"line":88,"column":15}},"33":{"start":{"line":90,"column":27},"end":{"line":90,"column":86}},"34":{"start":{"line":92,"column":12},"end":{"line":92,"column":52}},"35":{"start":{"line":93,"column":12},"end":{"line":93,"column":88}},"36":{"start":{"line":97,"column":4},"end":{"line":120,"column":7}},"37":{"start":{"line":98,"column":8},"end":{"line":119,"column":11}},"38":{"start":{"line":99,"column":28},"end":{"line":99,"column":85}},"39":{"start":{"line":100,"column":32},"end":{"line":104,"column":13}},"40":{"start":{"line":106,"column":12},"end":{"line":113,"column":15}},"41":{"start":{"line":115,"column":27},"end":{"line":115,"column":90}},"42":{"start":{"line":117,"column":12},"end":{"line":117,"column":56}},"43":{"start":{"line":118,"column":12},"end":{"line":118,"column":59}},"44":{"start":{"line":122,"column":4},"end":{"line":142,"column":7}},"45":{"start":{"line":123,"column":8},"end":{"line":141,"column":11}},"46":{"start":{"line":124,"column":28},"end":{"line":124,"column":74}},"47":{"start":{"line":125,"column":31},"end":{"line":132,"column":13}},"48":{"start":{"line":134,"column":12},"end":{"line":134,"column":72}},"49":{"start":{"line":136,"column":27},"end":{"line":136,"column":79}},"50":{"start":{"line":138,"column":12},"end":{"line":138,"column":65}},"51":{"start":{"line":139,"column":12},"end":{"line":139,"column":68}},"52":{"start":{"line":140,"column":12},"end":{"line":140,"column":64}},"53":{"start":{"line":144,"column":4},"end":{"line":172,"column":7}},"54":{"start":{"line":145,"column":8},"end":{"line":164,"column":11}},"55":{"start":{"line":146,"column":31},"end":{"line":146,"column":91}},"56":{"start":{"line":147,"column":32},"end":{"line":147,"column":91}},"57":{"start":{"line":148,"column":34},"end":{"line":148,"column":97}},"58":{"start":{"line":149,"column":34},"end":{"line":149,"column":86}},"59":{"start":{"line":151,"column":28},"end":{"line":151,"column":82}},"60":{"start":{"line":153,"column":12},"end":{"line":153,"column":82}},"61":{"start":{"line":154,"column":12},"end":{"line":154,"column":50}},"62":{"start":{"line":156,"column":12},"end":{"line":156,"column":81}},"63":{"start":{"line":157,"column":12},"end":{"line":157,"column":51}},"64":{"start":{"line":159,"column":12},"end":{"line":159,"column":85}},"65":{"start":{"line":160,"column":12},"end":{"line":160,"column":53}},"66":{"start":{"line":162,"column":12},"end":{"line":162,"column":73}},"67":{"start":{"line":163,"column":12},"end":{"line":163,"column":53}},"68":{"start":{"line":166,"column":8},"end":{"line":171,"column":11}},"69":{"start":{"line":167,"column":28},"end":{"line":167,"column":82}},"70":{"start":{"line":168,"column":12},"end":{"line":170,"column":59}}},"fnMap":{"0":{"name":"(anonymous_0)","decl":{"start":{"line":8,"column":28},"end":{"line":8,"column":29}},"loc":{"start":{"line":8,"column":34},"end":{"line":173,"column":1}},"line":8},"1":{"name":"(anonymous_1)","decl":{"start":{"line":13,"column":15},"end":{"line":13,"column":16}},"loc":{"start":{"line":13,"column":21},"end":{"line":35,"column":5}},"line":13},"2":{"name":"(anonymous_2)","decl":{"start":{"line":31,"column":45},"end":{"line":31,"column":46}},"loc":{"start":{"line":31,"column":51},"end":{"line":31,"column":72}},"line":31},"3":{"name":"(anonymous_3)","decl":{"start":{"line":32,"column":50},"end":{"line":32,"column":51}},"loc":{"start":{"line":32,"column":56},"end":{"line":32,"column":82}},"line":32},"4":{"name":"(anonymous_4)","decl":{"start":{"line":37,"column":45},"end":{"line":37,"column":46}},"loc":{"start":{"line":37,"column":51},"end":{"line":71,"column":5}},"line":37},"5":{"name":"(anonymous_5)","decl":{"start":{"line":38,"column":63},"end":{"line":38,"column":64}},"loc":{"start":{"line":38,"column":75},"end":{"line":58,"column":9}},"line":38},"6":{"name":"(anonymous_6)","decl":{"start":{"line":60,"column":52},"end":{"line":60,"column":53}},"loc":{"start":{"line":60,"column":64},"end":{"line":70,"column":9}},"line":60},"7":{"name":"(anonymous_7)","decl":{"start":{"line":73,"column":44},"end":{"line":73,"column":45}},"loc":{"start":{"line":73,"column":50},"end":{"line":95,"column":5}},"line":73},"8":{"name":"(anonymous_8)","decl":{"start":{"line":74,"column":54},"end":{"line":74,"column":55}},"loc":{"start":{"line":74,"column":66},"end":{"line":94,"column":9}},"line":74},"9":{"name":"(anonymous_9)","decl":{"start":{"line":97,"column":48},"end":{"line":97,"column":49}},"loc":{"start":{"line":97,"column":54},"end":{"line":120,"column":5}},"line":97},"10":{"name":"(anonymous_10)","decl":{"start":{"line":98,"column":50},"end":{"line":98,"column":51}},"loc":{"start":{"line":98,"column":62},"end":{"line":119,"column":9}},"line":98},"11":{"name":"(anonymous_11)","decl":{"start":{"line":122,"column":36},"end":{"line":122,"column":37}},"loc":{"start":{"line":122,"column":42},"end":{"line":142,"column":5}},"line":122},"12":{"name":"(anonymous_12)","decl":{"start":{"line":123,"column":64},"end":{"line":123,"column":65}},"loc":{"start":{"line":123,"column":76},"end":{"line":141,"column":9}},"line":123},"13":{"name":"(anonymous_13)","decl":{"start":{"line":144,"column":32},"end":{"line":144,"column":33}},"loc":{"start":{"line":144,"column":38},"end":{"line":172,"column":5}},"line":144},"14":{"name":"(anonymous_14)","decl":{"start":{"line":145,"column":55},"end":{"line":145,"column":56}},"loc":{"start":{"line":145,"column":67},"end":{"line":164,"column":9}},"line":145},"15":{"name":"(anonymous_15)","decl":{"start":{"line":166,"column":59},"end":{"line":166,"column":60}},"loc":{"start":{"line":166,"column":71},"end":{"line":171,"column":9}},"line":166}},"branchMap":{},"s":{"0":0,"1":0,"2":0,"3":0,"4":0,"5":0,"6":0,"7":0,"8":0,"9":0,"10":0,"11":0,"12":0,"13":0,"14":0,"15":0,"16":0,"17":0,"18":0,"19":0,"20":0,"21":0,"22":0,"23":0,"24":0,"25":0,"26":0,"27":0,"28":0,"29":0,"30":0,"31":0,"32":0,"33":0,"34":0,"35":0,"36":0,"37":0,"38":0,"39":0,"40":0,"41":0,"42":0,"43":0,"44":0,"45":0,"46":0,"47":0,"48":0,"49":0,"50":0,"51":0,"52":0,"53":0,"54":0,"55":0,"56":0,"57":0,"58":0,"59":0,"60":0,"61":0,"62":0,"63":0,"64":0,"65":0,"66":0,"67":0,"68":0,"69":0,"70":0},"f":{"0":0,"1":0,"2":0,"3":0,"4":0,"5":0,"6":0,"7":0,"8":0,"9":0,"10":0,"11":0,"12":0,"13":0,"14":0,"15":0},"b":{},"all":true}}