TN:
SF:src/main.ts
FN:24,(anonymous_0)
FN:29,(anonymous_1)
FNF:2
FNH:0
FNDA:0,(anonymous_0)
FNDA:0,(anonymous_1)
DA:9,0
DA:11,0
DA:12,0
DA:15,0
DA:18,0
DA:19,0
DA:20,0
DA:21,0
DA:24,0
DA:25,0
DA:29,0
DA:30,0
LF:12
LH:0
BRDA:12,0,0,0
BRDA:12,0,1,0
BRF:2
BRH:0
end_of_record
TN:
SF:src/performance/performance_tracker.js
FN:2,(anonymous_0)
FN:9,(anonymous_1)
FN:38,(anonymous_2)
FN:39,(anonymous_3)
FNF:4
FNH:0
FNDA:0,(anonymous_0)
FNDA:0,(anonymous_1)
FNDA:0,(anonymous_2)
FNDA:0,(anonymous_3)
DA:3,0
DA:10,0
DA:11,0
DA:13,0
DA:14,0
DA:16,0
DA:17,0
DA:19,0
DA:27,0
DA:39,0
DA:40,0
DA:41,0
DA:42,0
DA:43,0
DA:45,0
DA:54,0
DA:68,0
LF:17
LH:0
BRDA:2,0,0,0
BRDA:4,1,0,0
BRDA:4,1,1,0
BRDA:5,2,0,0
BRDA:5,2,1,0
BRDA:38,3,0,0
BRF:6
BRH:0
end_of_record
TN:
SF:src/server/custom-server.js
FN:12,(anonymous_0)
FN:32,(anonymous_1)
FN:33,(anonymous_2)
FN:34,(anonymous_3)
FN:39,(anonymous_4)
FN:43,(anonymous_5)
FN:47,(anonymous_6)
FN:51,(anonymous_7)
FN:58,(anonymous_8)
FN:63,(anonymous_9)
FN:72,(anonymous_10)
FN:84,(anonymous_11)
FN:102,(anonymous_12)
FN:107,(anonymous_13)
FN:117,(anonymous_14)
FN:130,(anonymous_15)
FN:153,(anonymous_16)
FN:159,(anonymous_17)
FN:172,(anonymous_18)
FN:184,(anonymous_19)
FN:206,(anonymous_20)
FN:214,(anonymous_21)
FN:226,(anonymous_22)
FN:227,(anonymous_23)
FN:245,(anonymous_24)
FN:250,(anonymous_25)
FN:255,(anonymous_26)
FN:288,(anonymous_27)
FN:317,(anonymous_28)
FN:356,(anonymous_29)
FN:381,(anonymous_30)
FN:401,(anonymous_31)
FNF:32
FNH:0
FNDA:0,(anonymous_0)
FNDA:0,(anonymous_1)
FNDA:0,(anonymous_2)
FNDA:0,(anonymous_3)
FNDA:0,(anonymous_4)
FNDA:0,(anonymous_5)
FNDA:0,(anonymous_6)
FNDA:0,(anonymous_7)
FNDA:0,(anonymous_8)
FNDA:0,(anonymous_9)
FNDA:0,(anonymous_10)
FNDA:0,(anonymous_11)
FNDA:0,(anonymous_12)
FNDA:0,(anonymous_13)
FNDA:0,(anonymous_14)
FNDA:0,(anonymous_15)
FNDA:0,(anonymous_16)
FNDA:0,(anonymous_17)
FNDA:0,(anonymous_18)
FNDA:0,(anonymous_19)
FNDA:0,(anonymous_20)
FNDA:0,(anonymous_21)
FNDA:0,(anonymous_22)
FNDA:0,(anonymous_23)
FNDA:0,(anonymous_24)
FNDA:0,(anonymous_25)
FNDA:0,(anonymous_26)
FNDA:0,(anonymous_27)
FNDA:0,(anonymous_28)
FNDA:0,(anonymous_29)
FNDA:0,(anonymous_30)
FNDA:0,(anonymous_31)
DA:13,0
DA:19,0
DA:21,0
DA:22,0
DA:23,0
DA:25,0
DA:26,0
DA:28,0
DA:32,0
DA:33,0
DA:34,0
DA:40,0
DA:44,0
DA:48,0
DA:52,0
DA:59,0
DA:60,0
DA:64,0
DA:69,0
DA:73,0
DA:78,0
DA:85,0
DA:96,0
DA:103,0
DA:104,0
DA:108,0
DA:114,0
DA:118,0
DA:124,0
DA:131,0
DA:147,0
DA:154,0
DA:155,0
DA:156,0
DA:160,0
DA:168,0
DA:169,0
DA:173,0
DA:181,0
DA:185,0
DA:200,0
DA:207,0
DA:215,0
DA:216,0
DA:218,0
DA:219,0
DA:221,0
DA:222,0
DA:227,0
DA:229,0
DA:230,0
DA:235,0
DA:237,0
DA:242,0
DA:246,0
DA:247,0
DA:251,0
DA:252,0
DA:256,0
DA:257,0
DA:262,0
DA:264,0
DA:275,0
DA:289,0
DA:290,0
DA:295,0
DA:297,0
DA:305,0
DA:306,0
DA:318,0
DA:319,0
DA:324,0
DA:326,0
DA:334,0
DA:335,0
DA:357,0
DA:358,0
DA:363,0
DA:365,0
DA:373,0
DA:374,0
DA:381,0
DA:382,0
DA:384,0
DA:390,0
DA:392,0
DA:393,0
DA:395,0
DA:401,0
DA:405,0
DA:406,0
DA:411,0
LF:92
LH:0
BRDA:12,0,0,0
BRDA:43,1,0,0
BRDA:63,2,0,0
BRDA:65,3,0,0
BRDA:65,3,1,0
BRDA:107,4,0,0
BRDA:109,5,0,0
BRDA:109,5,1,0
BRDA:110,6,0,0
BRDA:110,6,1,0
BRDA:159,7,0,0
BRDA:163,8,0,0
BRDA:163,8,1,0
BRDA:164,9,0,0
BRDA:164,9,1,0
BRDA:215,10,0,0
BRDA:215,10,1,0
BRDA:218,11,0,0
BRDA:218,11,1,0
BRDA:221,12,0,0
BRDA:221,12,1,0
BRDA:229,13,0,0
BRDA:229,13,1,0
BRDA:245,14,0,0
BRDA:288,15,0,0
BRDA:301,16,0,0
BRDA:301,16,1,0
BRDA:330,17,0,0
BRDA:330,17,1,0
BRDA:356,18,0,0
BRDA:369,19,0,0
BRDA:369,19,1,0
BRDA:392,20,0,0
BRDA:392,20,1,0
BRF:34
BRH:0
end_of_record
TN:
SF:src/server/simple-server.js
FN:11,(anonymous_0)
FN:20,(anonymous_1)
FN:39,(anonymous_2)
FN:60,(anonymous_3)
FN:61,(anonymous_4)
FN:64,(anonymous_5)
FN:69,(anonymous_6)
FN:97,(anonymous_7)
FN:100,(anonymous_8)
FN:127,(anonymous_9)
FN:136,handleSSE
FN:143,(anonymous_11)
FN:147,(anonymous_12)
FN:155,handleToolRequest
FNF:14
FNH:0
FNDA:0,(anonymous_0)
FNDA:0,(anonymous_1)
FNDA:0,(anonymous_2)
FNDA:0,(anonymous_3)
FNDA:0,(anonymous_4)
FNDA:0,(anonymous_5)
FNDA:0,(anonymous_6)
FNDA:0,(anonymous_7)
FNDA:0,(anonymous_8)
FNDA:0,(anonymous_9)
FNDA:0,handleSSE
FNDA:0,(anonymous_11)
FNDA:0,(anonymous_12)
FNDA:0,handleToolRequest
DA:1,0
DA:2,0
DA:3,0
DA:4,0
DA:5,0
DA:8,0
DA:11,0
DA:12,0
DA:13,0
DA:20,0
DA:21,0
DA:22,0
DA:23,0
DA:25,0
DA:30,0
DA:33,0
DA:36,0
DA:39,0
DA:40,0
DA:41,0
DA:43,0
DA:44,0
DA:45,0
DA:46,0
DA:47,0
DA:48,0
DA:49,0
DA:50,0
DA:52,0
DA:59,0
DA:60,0
DA:62,0
DA:65,0
DA:69,0
DA:71,0
DA:72,0
DA:73,0
DA:76,0
DA:77,0
DA:78,0
DA:79,0
DA:83,0
DA:84,0
DA:87,0
DA:88,0
DA:89,0
DA:90,0
DA:94,0
DA:95,0
DA:96,0
DA:97,0
DA:98,0
DA:100,0
DA:101,0
DA:102,0
DA:103,0
DA:106,0
DA:107,0
DA:108,0
DA:111,0
DA:112,0
DA:114,0
DA:115,0
DA:118,0
DA:122,0
DA:123,0
DA:127,0
DA:128,0
DA:129,0
DA:130,0
DA:131,0
DA:132,0
DA:137,0
DA:143,0
DA:144,0
DA:147,0
DA:148,0
DA:151,0
DA:157,0
DA:159,0
DA:160,0
DA:166,0
DA:168,0
DA:170,0
DA:171,0
LF:85
LH:0
BRDA:12,0,0,0
BRDA:12,0,1,0
BRDA:22,1,0,0
BRDA:22,1,1,0
BRDA:33,2,0,0
BRDA:33,2,1,0
BRDA:41,3,0,0
BRDA:41,3,1,0
BRDA:45,4,0,0
BRDA:45,4,1,0
BRDA:76,5,0,0
BRDA:76,5,1,0
BRDA:87,6,0,0
BRDA:87,6,1,0
BRDA:87,7,0,0
BRDA:87,7,1,0
BRDA:94,8,0,0
BRDA:94,8,1,0
BRDA:106,9,0,0
BRDA:106,9,1,0
BRDA:159,10,0,0
BRDA:159,10,1,0
BRF:22
BRH:0
end_of_record
TN:
SF:src/services/code-analysis/analyzers.ts
FN:28,(anonymous_0)
FN:35,(anonymous_1)
FN:43,(anonymous_2)
FNF:3
FNH:0
FNDA:0,(anonymous_0)
FNDA:0,(anonymous_1)
FNDA:0,(anonymous_2)
DA:29,0
DA:36,0
DA:37,0
DA:42,0
DA:43,0
DA:59,0
DA:60,0
DA:65,0
LF:8
LH:0
BRDA:30,0,0,0
BRDA:30,0,1,0
BRDA:31,1,0,0
BRDA:31,1,1,0
BRDA:38,2,0,0
BRDA:38,2,1,0
BRDA:50,3,0,0
BRDA:50,3,1,0
BRDA:51,4,0,0
BRDA:51,4,1,0
BRDA:53,5,0,0
BRDA:53,5,1,0
BRDA:54,6,0,0
BRDA:54,6,1,0
BRDA:55,7,0,0
BRDA:55,7,1,0
BRF:16
BRH:0
end_of_record
TN:
SF:src/services/code-analysis/index.ts
FN:4,(anonymous_0)
FN:6,(anonymous_1)
FNF:2
FNH:0
FNDA:0,(anonymous_0)
FNDA:0,(anonymous_1)
DA:4,0
DA:6,0
DA:7,0
DA:8,0
DA:9,0
DA:10,0
DA:12,0
LF:7
LH:0
BRF:0
BRH:0
end_of_record
TN:
SF:src/services/code-analysis/analyzers/sonarqube.ts
FNF:0
FNH:0
LF:0
LH:0
BRF:0
BRH:0
end_of_record
TN:
SF:src/services/code-analysis/clients/sonarqube.ts
FN:38,(anonymous_0)
FN:42,(anonymous_1)
FN:93,(anonymous_2)
FN:94,(anonymous_3)
FNF:4
FNH:0
FNDA:0,(anonymous_0)
FNDA:0,(anonymous_1)
FNDA:0,(anonymous_2)
FNDA:0,(anonymous_3)
DA:39,0
DA:43,0
DA:45,0
DA:57,0
DA:67,0
DA:76,0
DA:88,0
DA:89,0
DA:94,0
DA:95,0
LF:10
LH:0
BRDA:95,0,0,0
BRDA:95,0,1,0
BRF:2
BRH:0
end_of_record
TN:
SF:src/services/config/ai_provider_config_manager.js
FN:5,(anonymous_0)
FN:49,(anonymous_1)
FN:64,(anonymous_2)
FN:88,(anonymous_3)
FN:110,(anonymous_4)
FN:132,(anonymous_5)
FN:146,(anonymous_6)
FN:149,(anonymous_7)
FN:151,(anonymous_8)
FNF:9
FNH:0
FNDA:0,(anonymous_0)
FNDA:0,(anonymous_1)
FNDA:0,(anonymous_2)
FNDA:0,(anonymous_3)
FNDA:0,(anonymous_4)
FNDA:0,(anonymous_5)
FNDA:0,(anonymous_6)
FNDA:0,(anonymous_7)
FNDA:0,(anonymous_8)
DA:1,0
DA:2,0
DA:6,0
DA:7,0
DA:50,0
DA:51,0
DA:52,0
DA:55,0
DA:56,0
DA:59,0
DA:60,0
DA:65,0
DA:67,0
DA:70,0
DA:73,0
DA:76,0
DA:81,0
DA:83,0
DA:84,0
DA:89,0
DA:90,0
DA:91,0
DA:95,0
DA:96,0
DA:97,0
DA:102,0
DA:103,0
DA:104,0
DA:111,0
DA:124,0
DA:125,0
DA:133,0
DA:134,0
DA:135,0
DA:136,0
DA:137,0
DA:139,0
DA:143,0
DA:147,0
DA:150,0
DA:151,0
DA:162,0
DA:163,0
DA:171,0
LF:44
LH:0
BRDA:5,0,0,0
BRDA:6,1,0,0
BRDA:6,1,1,0
BRDA:90,2,0,0
BRDA:90,2,1,0
BRDA:95,3,0,0
BRDA:95,3,1,0
BRDA:96,4,0,0
BRDA:96,4,1,0
BRDA:102,5,0,0
BRDA:102,5,1,0
BRDA:103,6,0,0
BRDA:103,6,1,0
BRDA:134,7,0,0
BRDA:134,7,1,0
BRDA:135,8,0,0
BRDA:135,8,1,0
BRDA:136,9,0,0
BRDA:136,9,1,0
BRF:19
BRH:0
end_of_record
TN:
SF:src/services/core/index.ts
FN:4,(anonymous_0)
FN:6,(anonymous_1)
FNF:2
FNH:0
FNDA:0,(anonymous_0)
FNDA:0,(anonymous_1)
DA:4,0
DA:6,0
DA:7,0
DA:8,0
DA:9,0
DA:10,0
DA:12,0
LF:7
LH:0
BRF:0
BRH:0
end_of_record
TN:
SF:src/services/core/server.ts
FN:20,(anonymous_0)
FN:27,(anonymous_1)
FN:38,(anonymous_2)
FN:39,(anonymous_3)
FN:58,(anonymous_4)
FNF:5
FNH:0
FNDA:0,(anonymous_0)
FNDA:0,(anonymous_1)
FNDA:0,(anonymous_2)
FNDA:0,(anonymous_3)
FNDA:0,(anonymous_4)
DA:4,0
DA:21,0
DA:29,0
DA:30,0
DA:31,0
DA:34,0
DA:36,0
DA:39,0
DA:43,0
DA:49,0
DA:50,0
DA:63,0
DA:71,0
LF:13
LH:0
BRDA:22,0,0,0
BRDA:22,0,1,0
BRDA:23,1,0,0
BRDA:23,1,1,0
BRDA:30,2,0,0
BRDA:30,2,1,0
BRDA:52,3,0,0
BRDA:52,3,1,0
BRDA:53,4,0,0
BRDA:53,4,1,0
BRF:10
BRH:0
end_of_record
TN:
SF:src/services/error/ai_error_manager.js
FN:7,(anonymous_0)
FN:18,(anonymous_1)
FN:61,(anonymous_2)
FN:89,(anonymous_3)
FN:131,(anonymous_4)
FN:150,(anonymous_5)
FN:154,(anonymous_6)
FN:157,(anonymous_7)
FN:158,(anonymous_8)
FN:164,(anonymous_9)
FN:169,(anonymous_10)
FNF:11
FNH:0
FNDA:0,(anonymous_0)
FNDA:0,(anonymous_1)
FNDA:0,(anonymous_2)
FNDA:0,(anonymous_3)
FNDA:0,(anonymous_4)
FNDA:0,(anonymous_5)
FNDA:0,(anonymous_6)
FNDA:0,(anonymous_7)
FNDA:0,(anonymous_8)
FNDA:0,(anonymous_9)
FNDA:0,(anonymous_10)
DA:1,0
DA:2,0
DA:3,0
DA:4,0
DA:8,0
DA:14,0
DA:15,0
DA:20,0
DA:21,0
DA:23,0
DA:62,0
DA:63,0
DA:65,0
DA:66,0
DA:69,0
DA:77,0
DA:80,0
DA:86,0
DA:90,0
DA:92,0
DA:93,0
DA:95,0
DA:108,0
DA:109,0
DA:110,0
DA:116,0
DA:121,0
DA:128,0
DA:132,0
DA:134,0
DA:139,0
DA:145,0
DA:147,0
DA:151,0
DA:152,0
DA:153,0
DA:154,0
DA:156,0
DA:157,0
DA:158,0
DA:161,0
DA:165,0
DA:166,0
DA:168,0
DA:169,0
DA:170,0
DA:173,0
DA:178,0
LF:48
LH:0
BRDA:7,0,0,0
BRDA:9,1,0,0
BRDA:9,1,1,0
BRDA:10,2,0,0
BRDA:10,2,1,0
BRDA:11,3,0,0
BRDA:11,3,1,0
BRDA:65,4,0,0
BRDA:65,4,1,0
BRDA:164,5,0,0
BRF:10
BRH:0
end_of_record
TN:
SF:src/services/ide/index.ts
FN:4,(anonymous_0)
FN:6,(anonymous_1)
FNF:2
FNH:0
FNDA:0,(anonymous_0)
FNDA:0,(anonymous_1)
DA:4,0
DA:6,0
DA:7,0
DA:8,0
DA:9,0
DA:10,0
DA:12,0
LF:7
LH:0
BRF:0
BRH:0
end_of_record
TN:
SF:src/services/ide/plugin.ts
FN:20,(anonymous_0)
FN:47,(anonymous_1)
FN:62,(anonymous_2)
FN:77,(anonymous_3)
FN:92,(anonymous_4)
FNF:5
FNH:0
FNDA:0,(anonymous_0)
FNDA:0,(anonymous_1)
FNDA:0,(anonymous_2)
FNDA:0,(anonymous_3)
FNDA:0,(anonymous_4)
DA:18,0
DA:21,0
DA:22,0
DA:23,0
DA:26,0
DA:28,0
DA:30,0
DA:32,0
DA:34,0
DA:36,0
DA:39,0
DA:40,0
DA:48,0
DA:49,0
DA:53,0
DA:63,0
DA:64,0
DA:68,0
DA:78,0
DA:79,0
DA:83,0
DA:93,0
DA:94,0
DA:98,0
DA:108,0
LF:25
LH:0
BRDA:22,0,0,0
BRDA:22,0,1,0
BRDA:26,1,0,0
BRDA:26,1,1,0
BRDA:26,1,2,0
BRDA:26,1,3,0
BRDA:26,1,4,0
BRDA:42,2,0,0
BRDA:42,2,1,0
BRDA:48,3,0,0
BRDA:48,3,1,0
BRDA:48,4,0,0
BRDA:48,4,1,0
BRDA:63,5,0,0
BRDA:63,5,1,0
BRDA:78,6,0,0
BRDA:78,6,1,0
BRDA:93,7,0,0
BRDA:93,7,1,0
BRF:19
BRH:0
end_of_record
TN:
SF:src/services/ml/index.ts
FN:6,(anonymous_0)
FN:8,(anonymous_1)
FNF:2
FNH:0
FNDA:0,(anonymous_0)
FNDA:0,(anonymous_1)
DA:4,0
DA:6,0
DA:8,0
DA:9,0
DA:10,0
DA:11,0
DA:12,0
DA:14,0
LF:8
LH:0
BRF:0
BRH:0
end_of_record
TN:
SF:src/services/ml/provider-selector.ts
FN:17,(anonymous_0)
FN:25,(anonymous_1)
FNF:2
FNH:0
FNDA:0,(anonymous_0)
FNDA:0,(anonymous_1)
DA:11,0
DA:18,0
DA:19,0
DA:20,0
DA:22,0
DA:30,0
DA:31,0
LF:7
LH:0
BRDA:19,0,0,0
BRDA:19,0,1,0
BRF:2
BRH:0
end_of_record
TN:
SF:src/services/ml/providers/anthropic.ts
FN:8,(anonymous_0)
FN:14,(anonymous_1)
FNF:2
FNH:0
FNDA:0,(anonymous_0)
FNDA:0,(anonymous_1)
DA:6,0
DA:9,0
DA:15,0
DA:16,0
DA:17,0
DA:18,0
DA:22,0
DA:26,0
DA:28,0
DA:29,0
LF:10
LH:0
BRDA:16,0,0,0
BRDA:16,0,1,0
BRDA:17,1,0,0
BRDA:17,1,1,0
BRF:4
BRH:0
end_of_record
TN:
SF:src/services/ml/providers/google.ts
FN:6,(anonymous_0)
FN:10,(anonymous_1)
FNF:2
FNH:0
FNDA:0,(anonymous_0)
FNDA:0,(anonymous_1)
DA:4,0
DA:12,0
LF:2
LH:0
BRF:0
BRH:0
end_of_record
TN:
SF:src/services/ml/providers/openai.ts
FN:6,(anonymous_0)
FN:10,(anonymous_1)
FNF:2
FNH:0
FNDA:0,(anonymous_0)
FNDA:0,(anonymous_1)
DA:4,0
DA:12,0
LF:2
LH:0
BRF:0
BRH:0
end_of_record
TN:
SF:src/tools/ai/ai_tool.js
FN:5,(anonymous_0)
FN:21,(anonymous_1)
FN:31,(anonymous_2)
FN:54,(anonymous_3)
FN:58,(anonymous_4)
FN:62,(anonymous_5)
FN:69,(anonymous_6)
FNF:7
FNH:1
FNDA:3,(anonymous_0)
FNDA:0,(anonymous_1)
FNDA:0,(anonymous_2)
FNDA:0,(anonymous_3)
FNDA:0,(anonymous_4)
FNDA:0,(anonymous_5)
FNDA:0,(anonymous_6)
DA:1,1
DA:2,1
DA:7,3
DA:9,3
DA:10,0
DA:11,0
DA:14,3
DA:15,0
DA:16,0
DA:19,3
DA:20,0
DA:21,0
DA:23,0
DA:26,3
DA:27,3
DA:32,0
DA:33,0
DA:37,0
DA:38,0
DA:45,0
DA:55,0
DA:59,0
DA:63,0
DA:70,0
DA:71,0
DA:72,0
DA:76,0
DA:78,0
DA:83,1
LF:29
LH:9
BRDA:5,0,0,3
BRDA:9,1,0,0
BRDA:9,1,1,3
BRDA:14,2,0,0
BRDA:14,2,1,3
BRDA:19,3,0,0
BRDA:19,3,1,3
BRDA:26,4,0,3
BRDA:26,4,1,0
BRDA:31,5,0,0
BRDA:32,6,0,0
BRDA:32,6,1,0
BRDA:37,7,0,0
BRDA:37,7,1,0
BRDA:54,8,0,0
BRDA:58,9,0,0
BRDA:62,10,0,0
BRDA:69,11,0,0
BRF:18
BRH:5
end_of_record
TN:
SF:src/tools/code/code_intelligence_tool.js
FN:5,(anonymous_0)
FN:9,(anonymous_1)
FN:18,traverseDirectory
FN:64,(anonymous_3)
FN:87,(anonymous_4)
FN:112,(anonymous_5)
FN:115,(anonymous_6)
FN:142,(anonymous_7)
FNF:8
FNH:0
FNDA:0,(anonymous_0)
FNDA:0,(anonymous_1)
FNDA:0,traverseDirectory
FNDA:0,(anonymous_3)
FNDA:0,(anonymous_4)
FNDA:0,(anonymous_5)
FNDA:0,(anonymous_6)
FNDA:0,(anonymous_7)
DA:1,0
DA:2,0
DA:6,0
DA:10,0
DA:11,0
DA:19,0
DA:21,0
DA:22,0
DA:24,0
DA:25,0
DA:26,0
DA:27,0
DA:28,0
DA:34,0
DA:37,0
DA:49,0
DA:55,0
DA:57,0
DA:59,0
DA:60,0
DA:65,0
DA:79,0
DA:88,0
DA:104,0
DA:113,0
DA:116,0
DA:133,0
DA:143,0
DA:188,0
DA:192,0
LF:30
LH:0
BRDA:24,0,0,0
BRDA:24,0,1,0
BRDA:27,1,0,0
BRDA:27,1,1,0
BRDA:64,2,0,0
BRDA:142,3,0,0
BRDA:188,4,0,0
BRDA:188,4,1,0
BRF:8
BRH:0
end_of_record
TN:
SF:src/tools/google/google_tool.js
FN:4,(anonymous_0)
FN:13,(anonymous_1)
FN:48,(anonymous_2)
FN:75,(anonymous_3)
FN:102,(anonymous_4)
FNF:5
FNH:0
FNDA:0,(anonymous_0)
FNDA:0,(anonymous_1)
FNDA:0,(anonymous_2)
FNDA:0,(anonymous_3)
FNDA:0,(anonymous_4)
DA:1,0
DA:5,0
DA:6,0
DA:9,0
DA:10,0
DA:14,0
DA:15,0
DA:17,0
DA:27,0
DA:28,0
DA:37,0
DA:53,0
DA:69,0
DA:80,0
DA:96,0
DA:106,0
DA:120,0
DA:127,0
LF:18
LH:0
BRDA:5,0,0,0
BRDA:5,0,1,0
BRDA:15,1,0,0
BRDA:15,2,0,0
BRDA:50,3,0,0
BRDA:51,4,0,0
BRDA:54,5,0,0
BRDA:54,5,1,0
BRDA:60,6,0,0
BRDA:60,6,1,0
BRDA:77,7,0,0
BRDA:78,8,0,0
BRDA:87,9,0,0
BRDA:87,9,1,0
BRDA:104,10,0,0
BRDA:107,11,0,0
BRDA:107,11,1,0
BRF:17
BRH:0
end_of_record
TN:
SF:src/tools/meta/meta_cognitive_tool.js
FN:4,(anonymous_0)
FN:11,(anonymous_1)
FN:18,(anonymous_2)
FN:25,(anonymous_3)
FN:32,(anonymous_4)
FN:43,(anonymous_5)
FN:61,(anonymous_6)
FN:67,(anonymous_7)
FN:79,(anonymous_8)
FN:100,(anonymous_9)
FN:106,(anonymous_10)
FN:111,(anonymous_11)
FN:127,(anonymous_12)
FN:141,(anonymous_13)
FN:158,(anonymous_14)
FN:164,(anonymous_15)
FN:165,(anonymous_16)
FN:193,(anonymous_17)
FN:202,(anonymous_18)
FN:207,(anonymous_19)
FN:217,(anonymous_20)
FNF:21
FNH:0
FNDA:0,(anonymous_0)
FNDA:0,(anonymous_1)
FNDA:0,(anonymous_2)
FNDA:0,(anonymous_3)
FNDA:0,(anonymous_4)
FNDA:0,(anonymous_5)
FNDA:0,(anonymous_6)
FNDA:0,(anonymous_7)
FNDA:0,(anonymous_8)
FNDA:0,(anonymous_9)
FNDA:0,(anonymous_10)
FNDA:0,(anonymous_11)
FNDA:0,(anonymous_12)
FNDA:0,(anonymous_13)
FNDA:0,(anonymous_14)
FNDA:0,(anonymous_15)
FNDA:0,(anonymous_16)
FNDA:0,(anonymous_17)
FNDA:0,(anonymous_18)
FNDA:0,(anonymous_19)
FNDA:0,(anonymous_20)
DA:1,0
DA:5,0
DA:6,0
DA:7,0
DA:8,0
DA:12,0
DA:19,0
DA:26,0
DA:33,0
DA:44,0
DA:45,0
DA:58,0
DA:62,0
DA:63,0
DA:65,0
DA:66,0
DA:67,0
DA:71,0
DA:72,0
DA:73,0
DA:77,0
DA:78,0
DA:79,0
DA:82,0
DA:92,0
DA:101,0
DA:104,0
DA:105,0
DA:106,0
DA:109,0
DA:110,0
DA:111,0
DA:114,0
DA:115,0
DA:125,0
DA:126,0
DA:127,0
DA:129,0
DA:130,0
DA:138,0
DA:142,0
DA:143,0
DA:145,0
DA:159,0
DA:160,0
DA:162,0
DA:163,0
DA:164,0
DA:165,0
DA:168,0
DA:169,0
DA:179,0
DA:180,0
DA:190,0
DA:194,0
DA:203,0
DA:204,0
DA:207,0
DA:208,0
DA:209,0
DA:217,0
DA:218,0
DA:219,0
DA:226,0
DA:230,0
LF:65
LH:0
BRDA:43,0,0,0
BRDA:61,1,0,0
BRDA:65,2,0,0
BRDA:65,2,1,0
BRDA:71,3,0,0
BRDA:71,3,1,0
BRDA:77,4,0,0
BRDA:77,4,1,0
BRDA:104,5,0,0
BRDA:104,5,1,0
BRDA:109,6,0,0
BRDA:109,6,1,0
BRDA:114,7,0,0
BRDA:114,7,1,0
BRDA:125,8,0,0
BRDA:125,8,1,0
BRDA:129,9,0,0
BRDA:129,9,1,0
BRDA:162,10,0,0
BRDA:162,10,1,0
BRDA:168,11,0,0
BRDA:168,11,1,0
BRDA:179,12,0,0
BRDA:179,12,1,0
BRDA:208,13,0,0
BRDA:208,13,1,0
BRDA:218,14,0,0
BRDA:218,14,1,0
BRF:28
BRH:0
end_of_record
TN:
SF:src/tools/meta/meta_cognitive_tool.test.js
FN:3,(anonymous_0)
FN:6,(anonymous_1)
FN:10,(anonymous_2)
FN:17,(anonymous_3)
FN:28,(anonymous_4)
FN:39,(anonymous_5)
FN:50,(anonymous_6)
FN:69,(anonymous_7)
FN:73,(anonymous_8)
FN:88,(anonymous_9)
FN:89,(anonymous_10)
FN:95,(anonymous_11)
FN:108,(anonymous_12)
FN:109,(anonymous_13)
FN:120,(anonymous_14)
FN:132,(anonymous_15)
FN:133,(anonymous_16)
FN:153,(anonymous_17)
FN:154,(anonymous_18)
FN:168,(anonymous_19)
FN:183,(anonymous_20)
FN:184,(anonymous_21)
FN:194,(anonymous_22)
FN:214,(anonymous_23)
FN:215,(anonymous_24)
FN:234,(anonymous_25)
FNF:26
FNH:0
FNDA:0,(anonymous_0)
FNDA:0,(anonymous_1)
FNDA:0,(anonymous_2)
FNDA:0,(anonymous_3)
FNDA:0,(anonymous_4)
FNDA:0,(anonymous_5)
FNDA:0,(anonymous_6)
FNDA:0,(anonymous_7)
FNDA:0,(anonymous_8)
FNDA:0,(anonymous_9)
FNDA:0,(anonymous_10)
FNDA:0,(anonymous_11)
FNDA:0,(anonymous_12)
FNDA:0,(anonymous_13)
FNDA:0,(anonymous_14)
FNDA:0,(anonymous_15)
FNDA:0,(anonymous_16)
FNDA:0,(anonymous_17)
FNDA:0,(anonymous_18)
FNDA:0,(anonymous_19)
FNDA:0,(anonymous_20)
FNDA:0,(anonymous_21)
FNDA:0,(anonymous_22)
FNDA:0,(anonymous_23)
FNDA:0,(anonymous_24)
FNDA:0,(anonymous_25)
DA:1,0
DA:3,0
DA:6,0
DA:7,0
DA:10,0
DA:11,0
DA:12,0
DA:13,0
DA:14,0
DA:17,0
DA:18,0
DA:19,0
DA:21,0
DA:22,0
DA:28,0
DA:29,0
DA:30,0
DA:32,0
DA:33,0
DA:39,0
DA:40,0
DA:41,0
DA:43,0
DA:44,0
DA:50,0
DA:51,0
DA:52,0
DA:53,0
DA:55,0
DA:56,0
DA:57,0
DA:59,0
DA:60,0
DA:69,0
DA:73,0
DA:74,0
DA:85,0
DA:88,0
DA:89,0
DA:90,0
DA:91,0
DA:92,0
DA:95,0
DA:96,0
DA:100,0
DA:102,0
DA:103,0
DA:104,0
DA:108,0
DA:109,0
DA:110,0
DA:111,0
DA:113,0
DA:120,0
DA:122,0
DA:123,0
DA:125,0
DA:126,0
DA:132,0
DA:133,0
DA:134,0
DA:135,0
DA:137,0
DA:139,0
DA:153,0
DA:154,0
DA:156,0
DA:162,0
DA:163,0
DA:168,0
DA:170,0
DA:176,0
DA:177,0
DA:183,0
DA:184,0
DA:185,0
DA:186,0
DA:194,0
DA:196,0
DA:202,0
DA:204,0
DA:205,0
DA:208,0
DA:214,0
DA:215,0
DA:216,0
DA:221,0
DA:223,0
DA:234,0
DA:235,0
DA:237,0
LF:91
LH:0
BRF:0
BRH:0
end_of_record
TN:
SF:src/tools/pattern/pattern_recognition_tool.js
FN:2,(anonymous_0)
FN:12,(anonymous_1)
FN:38,(anonymous_2)
FN:57,(anonymous_3)
FN:80,(anonymous_4)
FN:103,(anonymous_5)
FN:108,(anonymous_6)
FN:122,(anonymous_7)
FN:138,(anonymous_8)
FN:168,(anonymous_9)
FN:192,(anonymous_10)
FN:195,(anonymous_11)
FN:209,(anonymous_12)
FN:210,(anonymous_13)
FN:211,(anonymous_14)
FN:222,(anonymous_15)
FN:236,(anonymous_16)
FN:239,(anonymous_17)
FN:242,(anonymous_18)
FN:250,(anonymous_19)
FN:255,(anonymous_20)
FNF:21
FNH:0
FNDA:0,(anonymous_0)
FNDA:0,(anonymous_1)
FNDA:0,(anonymous_2)
FNDA:0,(anonymous_3)
FNDA:0,(anonymous_4)
FNDA:0,(anonymous_5)
FNDA:0,(anonymous_6)
FNDA:0,(anonymous_7)
FNDA:0,(anonymous_8)
FNDA:0,(anonymous_9)
FNDA:0,(anonymous_10)
FNDA:0,(anonymous_11)
FNDA:0,(anonymous_12)
FNDA:0,(anonymous_13)
FNDA:0,(anonymous_14)
FNDA:0,(anonymous_15)
FNDA:0,(anonymous_16)
FNDA:0,(anonymous_17)
FNDA:0,(anonymous_18)
FNDA:0,(anonymous_19)
FNDA:0,(anonymous_20)
DA:3,0
DA:9,0
DA:13,0
DA:14,0
DA:15,0
DA:17,0
DA:24,0
DA:31,0
DA:39,0
DA:42,0
DA:43,0
DA:47,0
DA:48,0
DA:52,0
DA:54,0
DA:58,0
DA:59,0
DA:61,0
DA:62,0
DA:63,0
DA:64,0
DA:66,0
DA:67,0
DA:77,0
DA:81,0
DA:82,0
DA:85,0
DA:86,0
DA:87,0
DA:90,0
DA:91,0
DA:92,0
DA:100,0
DA:104,0
DA:105,0
DA:108,0
DA:109,0
DA:110,0
DA:111,0
DA:112,0
DA:122,0
DA:123,0
DA:124,0
DA:125,0
DA:126,0
DA:135,0
DA:139,0
DA:142,0
DA:143,0
DA:144,0
DA:145,0
DA:149,0
DA:150,0
DA:157,0
DA:158,0
DA:159,0
DA:165,0
DA:169,0
DA:171,0
DA:172,0
DA:174,0
DA:175,0
DA:176,0
DA:177,0
DA:178,0
DA:179,0
DA:181,0
DA:182,0
DA:183,0
DA:185,0
DA:189,0
DA:193,0
DA:195,0
DA:196,0
DA:197,0
DA:198,0
DA:199,0
DA:201,0
DA:205,0
DA:206,0
DA:210,0
DA:211,0
DA:212,0
DA:214,0
DA:223,0
DA:225,0
DA:226,0
DA:227,0
DA:228,0
DA:229,0
DA:233,0
DA:237,0
DA:238,0
DA:239,0
DA:243,0
DA:250,0
DA:251,0
DA:255,0
DA:256,0
DA:258,0
DA:260,0
DA:261,0
DA:263,0
DA:264,0
DA:266,0
DA:269,0
DA:272,0
DA:273,0
DA:280,0
DA:284,0
LF:110
LH:0
BRDA:2,0,0,0
BRDA:12,1,0,0
BRDA:42,2,0,0
BRDA:42,2,1,0
BRDA:47,3,0,0
BRDA:47,3,1,0
BRDA:47,4,0,0
BRDA:47,4,1,0
BRDA:66,5,0,0
BRDA:66,5,1,0
BRDA:87,6,0,0
BRDA:87,6,1,0
BRDA:91,7,0,0
BRDA:91,7,1,0
BRDA:109,8,0,0
BRDA:109,8,1,0
BRDA:111,9,0,0
BRDA:111,9,1,0
BRDA:123,10,0,0
BRDA:123,10,1,0
BRDA:125,11,0,0
BRDA:125,11,1,0
BRDA:139,12,0,0
BRDA:139,12,1,0
BRDA:144,13,0,0
BRDA:144,13,1,0
BRDA:144,14,0,0
BRDA:144,14,1,0
BRDA:149,15,0,0
BRDA:149,15,1,0
BRDA:149,16,0,0
BRDA:149,16,1,0
BRDA:158,17,0,0
BRDA:158,17,1,0
BRDA:168,18,0,0
BRDA:172,19,0,0
BRDA:172,19,1,0
BRDA:174,20,0,0
BRDA:174,20,1,0
BRDA:176,21,0,0
BRDA:176,21,1,0
BRDA:178,22,0,0
BRDA:178,22,1,0
BRDA:181,23,0,0
BRDA:181,23,1,0
BRDA:196,24,0,0
BRDA:196,24,1,0
BRDA:198,25,0,0
BRDA:198,25,1,0
BRDA:198,26,0,0
BRDA:198,26,1,0
BRDA:223,27,0,0
BRDA:223,27,1,0
BRDA:229,28,0,0
BRDA:229,28,1,0
BRDA:237,29,0,0
BRDA:237,29,1,0
BRDA:251,30,0,0
BRDA:251,30,1,0
BRDA:258,31,0,0
BRDA:258,31,1,0
BRDA:258,31,2,0
BRDA:266,32,0,0
BRDA:266,32,1,0
BRDA:272,33,0,0
BRDA:272,33,1,0
BRF:66
BRH:0
end_of_record
TN:
SF:src/tools/pattern/pattern_recognition_tool.test.js
FN:3,(anonymous_0)
FN:6,(anonymous_1)
FN:14,(anonymous_2)
FN:15,(anonymous_3)
FN:25,(anonymous_4)
FN:38,(anonymous_5)
FN:57,(anonymous_6)
FN:58,(anonymous_7)
FN:68,(anonymous_8)
FN:78,(anonymous_9)
FN:84,(anonymous_10)
FN:85,(anonymous_11)
FN:99,(anonymous_12)
FN:107,(anonymous_13)
FN:108,(anonymous_14)
FN:120,(anonymous_15)
FN:127,(anonymous_16)
FN:132,(anonymous_17)
FN:133,(anonymous_18)
FN:153,(anonymous_19)
FN:165,(anonymous_20)
FN:166,(anonymous_21)
FN:172,(anonymous_22)
FNF:23
FNH:0
FNDA:0,(anonymous_0)
FNDA:0,(anonymous_1)
FNDA:0,(anonymous_2)
FNDA:0,(anonymous_3)
FNDA:0,(anonymous_4)
FNDA:0,(anonymous_5)
FNDA:0,(anonymous_6)
FNDA:0,(anonymous_7)
FNDA:0,(anonymous_8)
FNDA:0,(anonymous_9)
FNDA:0,(anonymous_10)
FNDA:0,(anonymous_11)
FNDA:0,(anonymous_12)
FNDA:0,(anonymous_13)
FNDA:0,(anonymous_14)
FNDA:0,(anonymous_15)
FNDA:0,(anonymous_16)
FNDA:0,(anonymous_17)
FNDA:0,(anonymous_18)
FNDA:0,(anonymous_19)
FNDA:0,(anonymous_20)
FNDA:0,(anonymous_21)
FNDA:0,(anonymous_22)
DA:1,0
DA:3,0
DA:6,0
DA:7,0
DA:14,0
DA:15,0
DA:16,0
DA:17,0
DA:19,0
DA:20,0
DA:25,0
DA:26,0
DA:30,0
DA:32,0
DA:33,0
DA:38,0
DA:39,0
DA:43,0
DA:45,0
DA:46,0
DA:50,0
DA:57,0
DA:58,0
DA:59,0
DA:60,0
DA:62,0
DA:68,0
DA:69,0
DA:70,0
DA:72,0
DA:78,0
DA:79,0
DA:80,0
DA:84,0
DA:85,0
DA:86,0
DA:92,0
DA:94,0
DA:95,0
DA:96,0
DA:99,0
DA:100,0
DA:101,0
DA:103,0
DA:107,0
DA:108,0
DA:109,0
DA:110,0
DA:112,0
DA:120,0
DA:121,0
DA:122,0
DA:124,0
DA:127,0
DA:128,0
DA:132,0
DA:133,0
DA:134,0
DA:144,0
DA:146,0
DA:153,0
DA:154,0
DA:159,0
DA:160,0
DA:161,0
DA:165,0
DA:166,0
DA:167,0
DA:168,0
DA:169,0
DA:172,0
DA:173,0
DA:174,0
DA:175,0
LF:74
LH:0
BRF:0
BRH:0
end_of_record
TN:
SF:src/tools/web/web_tool.js
FN:5,(anonymous_0)
FN:15,(anonymous_1)
FN:57,(anonymous_2)
FN:74,(anonymous_3)
FN:76,(anonymous_4)
FN:83,(anonymous_5)
FN:99,(anonymous_6)
FN:107,(anonymous_7)
FN:116,(anonymous_8)
FN:129,(anonymous_9)
FN:158,(anonymous_10)
FN:179,(anonymous_11)
FN:189,(anonymous_12)
FN:190,(anonymous_13)
FNF:14
FNH:0
FNDA:0,(anonymous_0)
FNDA:0,(anonymous_1)
FNDA:0,(anonymous_2)
FNDA:0,(anonymous_3)
FNDA:0,(anonymous_4)
FNDA:0,(anonymous_5)
FNDA:0,(anonymous_6)
FNDA:0,(anonymous_7)
FNDA:0,(anonymous_8)
FNDA:0,(anonymous_9)
FNDA:0,(anonymous_10)
FNDA:0,(anonymous_11)
FNDA:0,(anonymous_12)
FNDA:0,(anonymous_13)
DA:1,0
DA:2,0
DA:6,0
DA:23,0
DA:24,0
DA:33,0
DA:35,0
DA:41,0
DA:42,0
DA:44,0
DA:47,0
DA:49,0
DA:62,0
DA:63,0
DA:64,0
DA:66,0
DA:67,0
DA:73,0
DA:74,0
DA:75,0
DA:76,0
DA:81,0
DA:82,0
DA:83,0
DA:90,0
DA:92,0
DA:100,0
DA:101,0
DA:107,0
DA:108,0
DA:109,0
DA:110,0
DA:111,0
DA:112,0
DA:115,0
DA:116,0
DA:117,0
DA:118,0
DA:122,0
DA:126,0
DA:128,0
DA:129,0
DA:130,0
DA:131,0
DA:133,0
DA:134,0
DA:135,0
DA:136,0
DA:139,0
DA:142,0
DA:143,0
DA:144,0
DA:145,0
DA:149,0
DA:151,0
DA:163,0
DA:164,0
DA:165,0
DA:166,0
DA:167,0
DA:168,0
DA:170,0
DA:176,0
DA:178,0
DA:179,0
DA:183,0
DA:189,0
DA:190,0
DA:194,0
DA:203,0
LF:70
LH:0
BRDA:17,0,0,0
BRDA:18,1,0,0
BRDA:19,2,0,0
BRDA:20,3,0,0
BRDA:21,4,0,0
BRDA:28,5,0,0
BRDA:28,5,1,0
BRDA:30,6,0,0
BRDA:30,6,1,0
BRDA:33,7,0,0
BRDA:33,7,1,0
BRDA:41,8,0,0
BRDA:41,8,1,0
BRDA:59,9,0,0
BRDA:60,10,0,0
BRDA:64,11,0,0
BRDA:64,11,1,0
BRDA:69,12,0,0
BRDA:69,12,1,0
BRDA:73,13,0,0
BRDA:73,13,1,0
BRDA:81,14,0,0
BRDA:81,14,1,0
BRDA:99,15,0,0
BRDA:107,16,0,0
BRDA:108,17,0,0
BRDA:108,17,1,0
BRDA:108,18,0,0
BRDA:108,18,1,0
BRDA:109,19,0,0
BRDA:109,19,1,0
BRDA:111,20,0,0
BRDA:111,20,1,0
BRDA:117,21,0,0
BRDA:117,21,1,0
BRDA:128,22,0,0
BRDA:128,22,1,0
BRDA:133,23,0,0
BRDA:133,23,1,0
BRDA:133,24,0,0
BRDA:133,24,1,0
BRDA:135,25,0,0
BRDA:135,25,1,0
BRDA:135,26,0,0
BRDA:135,26,1,0
BRDA:144,27,0,0
BRDA:144,27,1,0
BRDA:160,28,0,0
BRDA:161,29,0,0
BRDA:178,30,0,0
BRDA:178,30,1,0
BRF:51
BRH:0
end_of_record
TN:
SF:src/tools/workflow/advanced_workflow_tool.js
FN:4,(anonymous_0)
FN:13,(anonymous_1)
FN:40,(anonymous_2)
FN:67,(anonymous_3)
FN:92,(anonymous_4)
FN:121,(anonymous_5)
FNF:6
FNH:0
FNDA:0,(anonymous_0)
FNDA:0,(anonymous_1)
FNDA:0,(anonymous_2)
FNDA:0,(anonymous_3)
FNDA:0,(anonymous_4)
FNDA:0,(anonymous_5)
DA:1,0
DA:5,0
DA:6,0
DA:7,0
DA:14,0
DA:32,0
DA:41,0
DA:42,0
DA:44,0
DA:45,0
DA:59,0
DA:67,0
DA:69,0
DA:72,0
DA:79,0
DA:86,0
DA:93,0
DA:113,0
DA:122,0
DA:138,0
DA:147,0
LF:21
LH:0
BRDA:4,0,0,0
BRDA:8,1,0,0
BRDA:8,1,1,0
BRDA:9,2,0,0
BRDA:9,2,1,0
BRDA:13,3,0,0
BRDA:40,4,0,0
BRDA:92,5,0,0
BRDA:121,6,0,0
BRF:9
BRH:0
end_of_record
TN:
SF:src/tools/workflow/workflow_manager.js
FN:5,(anonymous_0)
FN:15,(anonymous_1)
FN:27,(anonymous_2)
FN:28,(anonymous_3)
FN:37,(anonymous_4)
FN:49,(anonymous_5)
FN:59,(anonymous_6)
FN:75,(anonymous_7)
FN:78,(anonymous_8)
FN:88,(anonymous_9)
FN:129,(anonymous_10)
FN:145,(anonymous_11)
FNF:12
FNH:0
FNDA:0,(anonymous_0)
FNDA:0,(anonymous_1)
FNDA:0,(anonymous_2)
FNDA:0,(anonymous_3)
FNDA:0,(anonymous_4)
FNDA:0,(anonymous_5)
FNDA:0,(anonymous_6)
FNDA:0,(anonymous_7)
FNDA:0,(anonymous_8)
FNDA:0,(anonymous_9)
FNDA:0,(anonymous_10)
FNDA:0,(anonymous_11)
DA:1,0
DA:2,0
DA:6,0
DA:7,0
DA:8,0
DA:16,0
DA:17,0
DA:19,0
DA:20,0
DA:21,0
DA:22,0
DA:27,0
DA:28,0
DA:30,0
DA:31,0
DA:32,0
DA:34,0
DA:38,0
DA:39,0
DA:41,0
DA:42,0
DA:43,0
DA:44,0
DA:48,0
DA:49,0
DA:50,0
DA:51,0
DA:52,0
DA:56,0
DA:60,0
DA:61,0
DA:63,0
DA:64,0
DA:65,0
DA:66,0
DA:74,0
DA:75,0
DA:76,0
DA:77,0
DA:78,0
DA:79,0
DA:80,0
DA:85,0
DA:89,0
DA:90,0
DA:96,0
DA:97,0
DA:99,0
DA:101,0
DA:102,0
DA:106,0
DA:107,0
DA:111,0
DA:112,0
DA:121,0
DA:122,0
DA:123,0
DA:124,0
DA:126,0
DA:130,0
DA:132,0
DA:134,0
DA:136,0
DA:138,0
DA:140,0
DA:146,0
DA:177,0
LF:67
LH:0
BRDA:5,0,0,0
BRDA:21,1,0,0
BRDA:21,1,1,0
BRDA:21,2,0,0
BRDA:21,2,1,0
BRDA:27,3,0,0
BRDA:27,3,1,0
BRDA:28,4,0,0
BRDA:28,4,1,0
BRDA:43,5,0,0
BRDA:43,5,1,0
BRDA:43,6,0,0
BRDA:43,6,1,0
BRDA:51,7,0,0
BRDA:51,7,1,0
BRDA:65,8,0,0
BRDA:65,8,1,0
BRDA:65,9,0,0
BRDA:65,9,1,0
BRDA:79,10,0,0
BRDA:79,10,1,0
BRDA:99,11,0,0
BRDA:99,11,1,0
BRDA:101,12,0,0
BRDA:101,12,1,0
BRDA:106,13,0,0
BRDA:106,13,1,0
BRDA:111,14,0,0
BRDA:111,14,1,0
BRDA:130,15,0,0
BRDA:130,15,1,0
BRDA:130,15,2,0
BRDA:130,15,3,0
BRDA:130,15,4,0
BRF:34
BRH:0
end_of_record
TN:
SF:src/tools/workflow/workflow_manager.test.js
FN:8,(anonymous_0)
FN:13,(anonymous_1)
FN:31,(anonymous_2)
FN:32,(anonymous_3)
FN:37,(anonymous_4)
FN:38,(anonymous_5)
FN:60,(anonymous_6)
FN:73,(anonymous_7)
FN:74,(anonymous_8)
FN:97,(anonymous_9)
FN:98,(anonymous_10)
FN:122,(anonymous_11)
FN:123,(anonymous_12)
FN:144,(anonymous_13)
FN:145,(anonymous_14)
FN:166,(anonymous_15)
FNF:16
FNH:0
FNDA:0,(anonymous_0)
FNDA:0,(anonymous_1)
FNDA:0,(anonymous_2)
FNDA:0,(anonymous_3)
FNDA:0,(anonymous_4)
FNDA:0,(anonymous_5)
FNDA:0,(anonymous_6)
FNDA:0,(anonymous_7)
FNDA:0,(anonymous_8)
FNDA:0,(anonymous_9)
FNDA:0,(anonymous_10)
FNDA:0,(anonymous_11)
FNDA:0,(anonymous_12)
FNDA:0,(anonymous_13)
FNDA:0,(anonymous_14)
FNDA:0,(anonymous_15)
DA:1,0
DA:2,0
DA:3,0
DA:5,0
DA:6,0
DA:8,0
DA:13,0
DA:15,0
DA:18,0
DA:27,0
DA:31,0
DA:32,0
DA:34,0
DA:37,0
DA:38,0
DA:39,0
DA:40,0
DA:45,0
DA:54,0
DA:56,0
DA:57,0
DA:60,0
DA:61,0
DA:62,0
DA:67,0
DA:69,0
DA:73,0
DA:74,0
DA:75,0
DA:76,0
DA:81,0
DA:90,0
DA:92,0
DA:93,0
DA:97,0
DA:98,0
DA:99,0
DA:100,0
DA:106,0
DA:115,0
DA:117,0
DA:118,0
DA:122,0
DA:123,0
DA:124,0
DA:125,0
DA:134,0
DA:136,0
DA:138,0
DA:139,0
DA:140,0
DA:144,0
DA:145,0
DA:146,0
DA:147,0
DA:148,0
DA:149,0
DA:151,0
DA:153,0
DA:154,0
DA:156,0
DA:157,0
DA:159,0
DA:160,0
DA:162,0
DA:163,0
DA:166,0
DA:167,0
DA:168,0
LF:69
LH:0
BRF:0
BRH:0
end_of_record
